[2026-02-24 18:26:08] [INFO] ==================================================
[2026-02-24 18:26:08] [INFO] ===== Microsoft Outlook Automatic Account Creation Tool =====
[2026-02-24 18:26:08] [INFO] ==================================================
[2026-02-24 18:26:08] [INFO] Note: Please ensure KoCaptcha API token and valid proxy API are properly configured
[2026-02-24 18:26:08] [INFO] Testing proxy API connection...
[2026-02-24 18:26:08] [INFO] Getting proxy from file...
[2026-02-24 18:26:08] [ERROR] No proxies found in file
[2026-02-24 18:26:08] [WARNING] Unable to get proxy, please check proxy API configuration. Will continue but may affect success rate.
[2026-02-24 18:26:24] [INFO] Selected domain: outlook.in
[2026-02-24 18:26:32] [INFO] [bold blue]Initializing Outlook class...[/bold blue]
[2026-02-24 18:26:32] [INFO] [bold blue]Initializing Outlook class...[/bold blue]
[2026-02-24 18:26:32] [INFO] [bold blue]Initializing Outlook class...[/bold blue]
[2026-02-24 18:26:32] [INFO] [bold blue]Initializing Outlook class...[/bold blue]
[2026-02-24 18:26:32] [INFO] [bold blue]Initializing Outlook class...[/bold blue]
[2026-02-24 18:26:32] [INFO] [bold blue]Initializing Outlook class...[/bold blue]
[2026-02-24 18:26:32] [INFO] [bold blue]Initializing Outlook class...[/bold blue]
[2026-02-24 18:26:32] [INFO] [bold blue]Initializing Outlook class...[/bold blue]
[2026-02-24 18:26:32] [INFO] [bold blue]Initializing Outlook class...[/bold blue]
[2026-02-24 18:26:32] [INFO] [bold blue]Initializing Outlook class...[/bold blue]
[2026-02-24 18:26:34] [INFO] [bold green]Supported Outlook domains:[/bold green]
[2026-02-24 18:26:34] [INFO] [cyan] 1. outlook.jp           (Region: JA-JP)[/cyan]
[2026-02-24 18:26:34] [INFO] [cyan] 2. outlook.kr           (Region: KO-KR)[/cyan]
[2026-02-24 18:26:34] [INFO] [bold green]Supported Outlook domains:[/bold green]
[2026-02-24 18:26:34] [INFO] [cyan] 3. outlook.sa           (Region: AR-AR)[/cyan]
[2026-02-24 18:26:34] [INFO] [cyan] 1. outlook.jp           (Region: JA-JP)[/cyan]
[2026-02-24 18:26:34] [INFO] [cyan] 4. outlook.com.ar       (Region: AU-AR)[/cyan]
[2026-02-24 18:26:34] [INFO] [cyan] 2. outlook.kr           (Region: KO-KR)[/cyan]
[2026-02-24 18:26:34] [INFO] [bold green]Supported Outlook domains:[/bold green]
[2026-02-24 18:26:34] [INFO] [cyan] 3. outlook.sa           (Region: AR-AR)[/cyan]
[2026-02-24 18:26:34] [INFO] [cyan] 5. outlook.com.au       (Region: AU-AU)[/cyan]
[2026-02-24 18:26:34] [INFO] [cyan] 1. outlook.jp           (Region: JA-JP)[/cyan]
[2026-02-24 18:26:34] [INFO] [bold green]Supported Outlook domains:[/bold green]
[2026-02-24 18:26:34] [INFO] [cyan] 4. outlook.com.ar       (Region: AU-AR)[/cyan]
[2026-02-24 18:26:34] [INFO] [cyan] 6. outlook.at           (Region: AT-AT)[/cyan]
[2026-02-24 18:26:34] [INFO] [cyan] 2. outlook.kr           (Region: KO-KR)[/cyan]
[2026-02-24 18:26:34] [INFO] [cyan] 1. outlook.jp           (Region: JA-JP)[/cyan]
[2026-02-24 18:26:34] [INFO] [cyan] 5. outlook.com.au       (Region: AU-AU)[/cyan]
[2026-02-24 18:26:34] [INFO] [cyan] 7. outlook.be           (Region: BA-BE)[/cyan]
[2026-02-24 18:26:34] [INFO] [cyan] 8. outlook.com.br       (Region: Br-Br)[/cyan]
[2026-02-24 18:26:34] [INFO] [cyan] 6. outlook.at           (Region: AT-AT)[/cyan]
[2026-02-24 18:26:34] [INFO] [cyan] 3. outlook.sa           (Region: AR-AR)[/cyan]
[2026-02-24 18:26:34] [INFO] [cyan] 4. outlook.com.ar       (Region: AU-AR)[/cyan]
[2026-02-24 18:26:34] [INFO] [cyan] 2. outlook.kr           (Region: KO-KR)[/cyan]
[2026-02-24 18:26:34] [INFO] [bold green]Supported Outlook domains:[/bold green]
[2026-02-24 18:26:34] [INFO] [cyan] 7. outlook.be           (Region: BA-BE)[/cyan]
[2026-02-24 18:26:34] [INFO] [cyan] 5. outlook.com.au       (Region: AU-AU)[/cyan]
[2026-02-24 18:26:34] [INFO] [cyan] 3. outlook.sa           (Region: AR-AR)[/cyan]
[2026-02-24 18:26:34] [INFO] [cyan] 1. outlook.jp           (Region: JA-JP)[/cyan]
[2026-02-24 18:26:34] [INFO] [cyan] 9. outlook.cl           (Region: cl-cl)[/cyan]
[2026-02-24 18:26:34] [INFO] [cyan] 8. outlook.com.br       (Region: Br-Br)[/cyan]
[2026-02-24 18:26:34] [INFO] [cyan] 2. outlook.kr           (Region: KO-KR)[/cyan]
[2026-02-24 18:26:34] [INFO] [cyan] 6. outlook.at           (Region: AT-AT)[/cyan]
[2026-02-24 18:26:34] [INFO] [cyan] 4. outlook.com.ar       (Region: AU-AR)[/cyan]
[2026-02-24 18:26:34] [INFO] [cyan] 9. outlook.cl           (Region: cl-cl)[/cyan]
[2026-02-24 18:26:34] [INFO] [cyan] 3. outlook.sa           (Region: AR-AR)[/cyan]
[2026-02-24 18:26:34] [INFO] [cyan]10. outlook.cz           (Region: cz-cz)[/cyan]
[2026-02-24 18:26:34] [INFO] [cyan] 5. outlook.com.au       (Region: AU-AU)[/cyan]
[2026-02-24 18:26:34] [INFO] [cyan]10. outlook.cz           (Region: cz-cz)[/cyan]
[2026-02-24 18:26:34] [INFO] [cyan] 7. outlook.be           (Region: BA-BE)[/cyan]
[2026-02-24 18:26:34] [INFO] [cyan] 4. outlook.com.ar       (Region: AU-AR)[/cyan]
[2026-02-24 18:26:34] [INFO] [cyan]11. outlook.fr           (Region: fr-fr)[/cyan]
[2026-02-24 18:26:34] [INFO] [cyan] 6. outlook.at           (Region: AT-AT)[/cyan]
[2026-02-24 18:26:34] [INFO] [cyan] 8. outlook.com.br       (Region: Br-Br)[/cyan]
[2026-02-24 18:26:34] [INFO] [cyan]11. outlook.fr           (Region: fr-fr)[/cyan]
[2026-02-24 18:26:34] [INFO] [cyan] 5. outlook.com.au       (Region: AU-AU)[/cyan]
[2026-02-24 18:26:34] [INFO] [bold green]Supported Outlook domains:[/bold green]
[2026-02-24 18:26:34] [INFO] [cyan] 7. outlook.be           (Region: BA-BE)[/cyan]
[2026-02-24 18:26:34] [INFO] [cyan] 9. outlook.cl           (Region: cl-cl)[/cyan]
[2026-02-24 18:26:34] [INFO] [cyan]12. outlook.de           (Region: de-de)[/cyan]
[2026-02-24 18:26:34] [INFO] [cyan]12. outlook.de           (Region: de-de)[/cyan]
[2026-02-24 18:26:34] [INFO] [cyan] 6. outlook.at           (Region: AT-AT)[/cyan]
[2026-02-24 18:26:34] [INFO] [cyan] 8. outlook.com.br       (Region: Br-Br)[/cyan]
[2026-02-24 18:26:34] [INFO] [bold green]Supported Outlook domains:[/bold green]
[2026-02-24 18:26:34] [INFO] [cyan]10. outlook.cz           (Region: cz-cz)[/cyan]
[2026-02-24 18:26:34] [INFO] [cyan] 1. outlook.jp           (Region: JA-JP)[/cyan]
[2026-02-24 18:26:34] [INFO] [cyan]13. outlook.com.gr       (Region: gr-gr)[/cyan]
[2026-02-24 18:26:34] [INFO] [cyan]13. outlook.com.gr       (Region: gr-gr)[/cyan]
[2026-02-24 18:26:34] [INFO] [cyan] 7. outlook.be           (Region: BA-BE)[/cyan]
[2026-02-24 18:26:34] [INFO] [cyan] 9. outlook.cl           (Region: cl-cl)[/cyan]
[2026-02-24 18:26:34] [INFO] [cyan] 1. outlook.jp           (Region: JA-JP)[/cyan]
[2026-02-24 18:26:34] [INFO] [cyan]11. outlook.fr           (Region: fr-fr)[/cyan]
[2026-02-24 18:26:34] [INFO] [cyan] 2. outlook.kr           (Region: KO-KR)[/cyan]
[2026-02-24 18:26:34] [INFO] [cyan]14. outlook.co.il        (Region: il-il)[/cyan]
[2026-02-24 18:26:34] [INFO] [bold green]Supported Outlook domains:[/bold green]
[2026-02-24 18:26:34] [INFO] [cyan]14. outlook.co.il        (Region: il-il)[/cyan]
[2026-02-24 18:26:34] [INFO] [cyan] 8. outlook.com.br       (Region: Br-Br)[/cyan]
[2026-02-24 18:26:34] [INFO] [cyan]10. outlook.cz           (Region: cz-cz)[/cyan]
[2026-02-24 18:26:35] [INFO] [cyan]12. outlook.de           (Region: de-de)[/cyan]
[2026-02-24 18:26:34] [INFO] [cyan] 2. outlook.kr           (Region: KO-KR)[/cyan]
[2026-02-24 18:26:35] [INFO] [bold green]Supported Outlook domains:[/bold green]
[2026-02-24 18:26:35] [INFO] [cyan]15. outlook.in           (Region: in-in)[/cyan]
[2026-02-24 18:26:35] [INFO] [cyan] 3. outlook.sa           (Region: AR-AR)[/cyan]
[2026-02-24 18:26:35] [INFO] [cyan] 1. outlook.jp           (Region: JA-JP)[/cyan]
[2026-02-24 18:26:35] [INFO] [bold green]Supported Outlook domains:[/bold green]
[2026-02-24 18:26:35] [INFO] [cyan]15. outlook.in           (Region: in-in)[/cyan]
[2026-02-24 18:26:35] [INFO] [cyan] 9. outlook.cl           (Region: cl-cl)[/cyan]
[2026-02-24 18:26:35] [INFO] [cyan]11. outlook.fr           (Region: fr-fr)[/cyan]
[2026-02-24 18:26:35] [INFO] [cyan]13. outlook.com.gr       (Region: gr-gr)[/cyan]
[2026-02-24 18:26:35] [INFO] [cyan] 1. outlook.jp           (Region: JA-JP)[/cyan]
[2026-02-24 18:26:35] [INFO] [cyan] 3. outlook.sa           (Region: AR-AR)[/cyan]
[2026-02-24 18:26:35] [INFO] [cyan] 4. outlook.com.ar       (Region: AU-AR)[/cyan]
[2026-02-24 18:26:35] [INFO] [cyan]16. outlook.co.id        (Region: iD-iD)[/cyan]
[2026-02-24 18:26:35] [INFO] [cyan] 1. outlook.jp           (Region: JA-JP)[/cyan]
[2026-02-24 18:26:35] [INFO] [cyan] 2. outlook.kr           (Region: KO-KR)[/cyan]
[2026-02-24 18:26:35] [INFO] [cyan]10. outlook.cz           (Region: cz-cz)[/cyan]
[2026-02-24 18:26:35] [INFO] [cyan]12. outlook.de           (Region: de-de)[/cyan]
[2026-02-24 18:26:35] [INFO] [cyan]16. outlook.co.id        (Region: iD-iD)[/cyan]
[2026-02-24 18:26:35] [INFO] [cyan]14. outlook.co.il        (Region: il-il)[/cyan]
[2026-02-24 18:26:35] [INFO] [cyan] 2. outlook.kr           (Region: KO-KR)[/cyan]
[2026-02-24 18:26:35] [INFO] [cyan] 4. outlook.com.ar       (Region: AU-AR)[/cyan]
[2026-02-24 18:26:35] [INFO] [cyan] 5. outlook.com.au       (Region: AU-AU)[/cyan]
[2026-02-24 18:26:35] [INFO] [cyan]17. outlook.ie           (Region: ie-ie)[/cyan]
[2026-02-24 18:26:35] [INFO] [cyan] 2. outlook.kr           (Region: KO-KR)[/cyan]
[2026-02-24 18:26:35] [INFO] [cyan] 3. outlook.sa           (Region: AR-AR)[/cyan]
[2026-02-24 18:26:35] [INFO] [cyan]11. outlook.fr           (Region: fr-fr)[/cyan]
[2026-02-24 18:26:35] [INFO] [cyan]13. outlook.com.gr       (Region: gr-gr)[/cyan]
[2026-02-24 18:26:35] [INFO] [cyan] 6. outlook.at           (Region: AT-AT)[/cyan]
[2026-02-24 18:26:35] [INFO] [cyan]17. outlook.ie           (Region: ie-ie)[/cyan]
[2026-02-24 18:26:35] [INFO] [cyan]15. outlook.in           (Region: in-in)[/cyan]
[2026-02-24 18:26:35] [INFO] [cyan] 3. outlook.sa           (Region: AR-AR)[/cyan]
[2026-02-24 18:26:35] [INFO] [cyan] 5. outlook.com.au       (Region: AU-AU)[/cyan]
[2026-02-24 18:26:35] [INFO] [cyan]18. outlook.it           (Region: it-it)[/cyan]
[2026-02-24 18:26:35] [INFO] [cyan] 3. outlook.sa           (Region: AR-AR)[/cyan]
[2026-02-24 18:26:35] [INFO] [cyan] 4. outlook.com.ar       (Region: AU-AR)[/cyan]
[2026-02-24 18:26:35] [INFO] [cyan]12. outlook.de           (Region: de-de)[/cyan]
[2026-02-24 18:26:35] [INFO] [cyan]14. outlook.co.il        (Region: il-il)[/cyan]
[2026-02-24 18:26:35] [INFO] [cyan]18. outlook.it           (Region: it-it)[/cyan]
[2026-02-24 18:26:35] [INFO] [cyan] 6. outlook.at           (Region: AT-AT)[/cyan]
[2026-02-24 18:26:35] [INFO] [cyan] 4. outlook.com.ar       (Region: AU-AR)[/cyan]
[2026-02-24 18:26:35] [INFO] [cyan]16. outlook.co.id        (Region: iD-iD)[/cyan]
[2026-02-24 18:26:35] [INFO] [cyan] 7. outlook.be           (Region: BA-BE)[/cyan]
[2026-02-24 18:26:35] [INFO] [cyan]19. outlook.hu           (Region: hu-hu)[/cyan]
[2026-02-24 18:26:35] [INFO] [cyan] 4. outlook.com.ar       (Region: AU-AR)[/cyan]
[2026-02-24 18:26:35] [INFO] [cyan] 5. outlook.com.au       (Region: AU-AU)[/cyan]
[2026-02-24 18:26:35] [INFO] [cyan]15. outlook.in           (Region: in-in)[/cyan]
[2026-02-24 18:26:35] [INFO] [cyan]13. outlook.com.gr       (Region: gr-gr)[/cyan]
[2026-02-24 18:26:35] [INFO] [cyan]19. outlook.hu           (Region: hu-hu)[/cyan]
[2026-02-24 18:26:35] [INFO] [cyan] 7. outlook.be           (Region: BA-BE)[/cyan]
[2026-02-24 18:26:35] [INFO] [cyan] 5. outlook.com.au       (Region: AU-AU)[/cyan]
[2026-02-24 18:26:35] [INFO] [cyan]17. outlook.ie           (Region: ie-ie)[/cyan]
[2026-02-24 18:26:35] [INFO] [cyan]20. outlook.lv           (Region: lv-lv)[/cyan]
[2026-02-24 18:26:35] [INFO] [cyan] 6. outlook.at           (Region: AT-AT)[/cyan]
[2026-02-24 18:26:35] [INFO] [cyan] 8. outlook.com.br       (Region: Br-Br)[/cyan]
[2026-02-24 18:26:35] [INFO] [cyan]16. outlook.co.id        (Region: iD-iD)[/cyan]
[2026-02-24 18:26:35] [INFO] [cyan] 5. outlook.com.au       (Region: AU-AU)[/cyan]
[2026-02-24 18:26:35] [INFO] [cyan]20. outlook.lv           (Region: lv-lv)[/cyan]
[2026-02-24 18:26:35] [INFO] [cyan]14. outlook.co.il        (Region: il-il)[/cyan]
[2026-02-24 18:26:35] [INFO] [cyan] 6. outlook.at           (Region: AT-AT)[/cyan]
[2026-02-24 18:26:35] [INFO] [cyan] 8. outlook.com.br       (Region: Br-Br)[/cyan]
[2026-02-24 18:26:35] [INFO] [cyan] 7. outlook.be           (Region: BA-BE)[/cyan]
[2026-02-24 18:26:35] [INFO] [cyan]21. outlook.my           (Region: my-my)[/cyan]
[2026-02-24 18:26:35] [INFO] [cyan] 9. outlook.cl           (Region: cl-cl)[/cyan]
[2026-02-24 18:26:35] [INFO] [cyan]18. outlook.it           (Region: it-it)[/cyan]
[2026-02-24 18:26:35] [INFO] [cyan] 6. outlook.at           (Region: AT-AT)[/cyan]
[2026-02-24 18:26:35] [INFO] [cyan]17. outlook.ie           (Region: ie-ie)[/cyan]
[2026-02-24 18:26:35] [INFO] [cyan]21. outlook.my           (Region: my-my)[/cyan]
[2026-02-24 18:26:35] [INFO] [cyan]15. outlook.in           (Region: in-in)[/cyan]
[2026-02-24 18:26:35] [INFO] [cyan] 9. outlook.cl           (Region: cl-cl)[/cyan]
[2026-02-24 18:26:35] [INFO] [cyan] 7. outlook.be           (Region: BA-BE)[/cyan]
[2026-02-24 18:26:35] [INFO] [cyan] 8. outlook.com.br       (Region: Br-Br)[/cyan]
[2026-02-24 18:26:35] [INFO] [cyan]10. outlook.cz           (Region: cz-cz)[/cyan]
[2026-02-24 18:26:35] [INFO] [cyan]22. outlook.co.nz        (Region: nz-nz)[/cyan]
[2026-02-24 18:26:35] [INFO] [cyan] 7. outlook.be           (Region: BA-BE)[/cyan]
[2026-02-24 18:26:35] [INFO] [cyan]22. outlook.co.nz        (Region: nz-nz)[/cyan]
[2026-02-24 18:26:35] [INFO] [cyan]19. outlook.hu           (Region: hu-hu)[/cyan]
[2026-02-24 18:26:35] [INFO] [cyan]18. outlook.it           (Region: it-it)[/cyan]
[2026-02-24 18:26:35] [INFO] [cyan]10. outlook.cz           (Region: cz-cz)[/cyan]
[2026-02-24 18:26:35] [INFO] [cyan]16. outlook.co.id        (Region: iD-iD)[/cyan]
[2026-02-24 18:26:35] [INFO] [cyan] 9. outlook.cl           (Region: cl-cl)[/cyan]
[2026-02-24 18:26:35] [INFO] [cyan]23. outlook.ph           (Region: ph-ph)[/cyan]
[2026-02-24 18:26:35] [INFO] [cyan] 8. outlook.com.br       (Region: Br-Br)[/cyan]
[2026-02-24 18:26:35] [INFO] [cyan]11. outlook.fr           (Region: fr-fr)[/cyan]
[2026-02-24 18:26:35] [INFO] [cyan] 8. outlook.com.br       (Region: Br-Br)[/cyan]
[2026-02-24 18:26:35] [INFO] [cyan]23. outlook.ph           (Region: ph-ph)[/cyan]
[2026-02-24 18:26:35] [INFO] [cyan]20. outlook.lv           (Region: lv-lv)[/cyan]
[2026-02-24 18:26:35] [INFO] [cyan]19. outlook.hu           (Region: hu-hu)[/cyan]
[2026-02-24 18:26:35] [INFO] [cyan]11. outlook.fr           (Region: fr-fr)[/cyan]
[2026-02-24 18:26:35] [INFO] [cyan]17. outlook.ie           (Region: ie-ie)[/cyan]
[2026-02-24 18:26:35] [INFO] [cyan]10. outlook.cz           (Region: cz-cz)[/cyan]
[2026-02-24 18:26:35] [INFO] [cyan]24. outlook.pt           (Region: pt-pt)[/cyan]
[2026-02-24 18:26:35] [INFO] [cyan]12. outlook.de           (Region: de-de)[/cyan]
[2026-02-24 18:26:35] [INFO] [cyan] 9. outlook.cl           (Region: cl-cl)[/cyan]
[2026-02-24 18:26:35] [INFO] [cyan] 9. outlook.cl           (Region: cl-cl)[/cyan]
[2026-02-24 18:26:35] [INFO] [cyan]24. outlook.pt           (Region: pt-pt)[/cyan]
[2026-02-24 18:26:35] [INFO] [cyan]21. outlook.my           (Region: my-my)[/cyan]
[2026-02-24 18:26:35] [INFO] [cyan]20. outlook.lv           (Region: lv-lv)[/cyan]
[2026-02-24 18:26:35] [INFO] [cyan]11. outlook.fr           (Region: fr-fr)[/cyan]
[2026-02-24 18:26:35] [INFO] [cyan]12. outlook.de           (Region: de-de)[/cyan]
[2026-02-24 18:26:35] [INFO] [cyan]18. outlook.it           (Region: it-it)[/cyan]
[2026-02-24 18:26:35] [INFO] [cyan]25. outlook.sg           (Region: sg-sg)[/cyan]
[2026-02-24 18:26:35] [INFO] [cyan]13. outlook.com.gr       (Region: gr-gr)[/cyan]
[2026-02-24 18:26:35] [INFO] [cyan]10. outlook.cz           (Region: cz-cz)[/cyan]
[2026-02-24 18:26:35] [INFO] [cyan]10. outlook.cz           (Region: cz-cz)[/cyan]
[2026-02-24 18:26:35] [INFO] [cyan]25. outlook.sg           (Region: sg-sg)[/cyan]
[2026-02-24 18:26:35] [INFO] [cyan]22. outlook.co.nz        (Region: nz-nz)[/cyan]
[2026-02-24 18:26:35] [INFO] [cyan]21. outlook.my           (Region: my-my)[/cyan]
[2026-02-24 18:26:35] [INFO] [cyan]12. outlook.de           (Region: de-de)[/cyan]
[2026-02-24 18:26:35] [INFO] [cyan]19. outlook.hu           (Region: hu-hu)[/cyan]
[2026-02-24 18:26:35] [INFO] [cyan]13. outlook.com.gr       (Region: gr-gr)[/cyan]
[2026-02-24 18:26:35] [INFO] [cyan]26. outlook.sk           (Region: sk-sk)[/cyan]
[2026-02-24 18:26:35] [INFO] [cyan]14. outlook.co.il        (Region: il-il)[/cyan]
[2026-02-24 18:26:35] [INFO] [cyan]11. outlook.fr           (Region: fr-fr)[/cyan]
[2026-02-24 18:26:35] [INFO] [cyan]11. outlook.fr           (Region: fr-fr)[/cyan]
[2026-02-24 18:26:35] [INFO] [cyan]26. outlook.sk           (Region: sk-sk)[/cyan]
[2026-02-24 18:26:35] [INFO] [cyan]23. outlook.ph           (Region: ph-ph)[/cyan]
[2026-02-24 18:26:35] [INFO] [cyan]22. outlook.co.nz        (Region: nz-nz)[/cyan]
[2026-02-24 18:26:35] [INFO] [cyan]20. outlook.lv           (Region: lv-lv)[/cyan]
[2026-02-24 18:26:35] [INFO] [cyan]13. outlook.com.gr       (Region: gr-gr)[/cyan]
[2026-02-24 18:26:35] [INFO] [cyan]27. outlook.es           (Region: es-es)[/cyan]
[2026-02-24 18:26:35] [INFO] [cyan]14. outlook.co.il        (Region: il-il)[/cyan]
[2026-02-24 18:26:35] [INFO] [cyan]15. outlook.in           (Region: in-in)[/cyan]
[2026-02-24 18:26:35] [INFO] [cyan]12. outlook.de           (Region: de-de)[/cyan]
[2026-02-24 18:26:35] [INFO] [cyan]12. outlook.de           (Region: de-de)[/cyan]
[2026-02-24 18:26:35] [INFO] [cyan]24. outlook.pt           (Region: pt-pt)[/cyan]
[2026-02-24 18:26:35] [INFO] [cyan]27. outlook.es           (Region: es-es)[/cyan]
[2026-02-24 18:26:35] [INFO] [cyan]23. outlook.ph           (Region: ph-ph)[/cyan]
[2026-02-24 18:26:35] [INFO] [cyan]21. outlook.my           (Region: my-my)[/cyan]
[2026-02-24 18:26:35] [INFO] [cyan]14. outlook.co.il        (Region: il-il)[/cyan]
[2026-02-24 18:26:35] [INFO] [cyan]15. outlook.in           (Region: in-in)[/cyan]
[2026-02-24 18:26:35] [INFO] [cyan]28. outlook.co.th        (Region: th-th)[/cyan]
[2026-02-24 18:26:35] [INFO] [cyan]16. outlook.co.id        (Region: iD-iD)[/cyan]
[2026-02-24 18:26:35] [INFO] [cyan]13. outlook.com.gr       (Region: gr-gr)[/cyan]
[2026-02-24 18:26:35] [INFO] [cyan]28. outlook.co.th        (Region: th-th)[/cyan]
[2026-02-24 18:26:35] [INFO] [cyan]25. outlook.sg           (Region: sg-sg)[/cyan]
[2026-02-24 18:26:35] [INFO] [cyan]13. outlook.com.gr       (Region: gr-gr)[/cyan]
[2026-02-24 18:26:35] [INFO] [cyan]22. outlook.co.nz        (Region: nz-nz)[/cyan]
[2026-02-24 18:26:35] [INFO] [cyan]24. outlook.pt           (Region: pt-pt)[/cyan]
[2026-02-24 18:26:35] [INFO] [cyan]16. outlook.co.id        (Region: iD-iD)[/cyan]
[2026-02-24 18:26:35] [INFO] [cyan]15. outlook.in           (Region: in-in)[/cyan]
[2026-02-24 18:26:35] [INFO] [cyan]17. outlook.ie           (Region: ie-ie)[/cyan]
[2026-02-24 18:26:35] [INFO] [cyan]29. outlook.com.tr       (Region: tr-tr)[/cyan]
[2026-02-24 18:26:35] [INFO] [cyan]29. outlook.com.tr       (Region: tr-tr)[/cyan]
[2026-02-24 18:26:35] [INFO] [cyan]14. outlook.co.il        (Region: il-il)[/cyan]
[2026-02-24 18:26:35] [INFO] [cyan]26. outlook.sk           (Region: sk-sk)[/cyan]
[2026-02-24 18:26:35] [INFO] [cyan]14. outlook.co.il        (Region: il-il)[/cyan]
[2026-02-24 18:26:35] [INFO] [cyan]17. outlook.ie           (Region: ie-ie)[/cyan]
[2026-02-24 18:26:35] [INFO] [cyan]25. outlook.sg           (Region: sg-sg)[/cyan]
[2026-02-24 18:26:35] [INFO] [cyan]23. outlook.ph           (Region: ph-ph)[/cyan]
[2026-02-24 18:26:35] [INFO] [cyan]18. outlook.it           (Region: it-it)[/cyan]
[2026-02-24 18:26:35] [INFO] [cyan]16. outlook.co.id        (Region: iD-iD)[/cyan]
[2026-02-24 18:26:35] [INFO] [cyan]30. outlook.com.vn       (Region: vn-vn)[/cyan]
[2026-02-24 18:26:35] [INFO] [cyan]30. outlook.com.vn       (Region: vn-vn)[/cyan]
[2026-02-24 18:26:35] [INFO] [cyan]15. outlook.in           (Region: in-in)[/cyan]
[2026-02-24 18:26:35] [INFO] [cyan]18. outlook.it           (Region: it-it)[/cyan]
[2026-02-24 18:26:35] [INFO] [cyan]15. outlook.in           (Region: in-in)[/cyan]
[2026-02-24 18:26:35] [INFO] [cyan]27. outlook.es           (Region: es-es)[/cyan]
[2026-02-24 18:26:35] [INFO] [cyan]26. outlook.sk           (Region: sk-sk)[/cyan]
[2026-02-24 18:26:35] [INFO] [cyan]24. outlook.pt           (Region: pt-pt)[/cyan]
[2026-02-24 18:26:35] [INFO] [cyan]19. outlook.hu           (Region: hu-hu)[/cyan]
[2026-02-24 18:26:35] [INFO] [cyan]17. outlook.ie           (Region: ie-ie)[/cyan]
[2026-02-24 18:26:35] [INFO] [cyan]31. outlook.dk           (Region: da-dk)[/cyan]
[2026-02-24 18:26:35] [INFO] [cyan]31. outlook.dk           (Region: da-dk)[/cyan]
[2026-02-24 18:26:35] [INFO] [cyan]16. outlook.co.id        (Region: iD-iD)[/cyan]
[2026-02-24 18:26:35] [INFO] [cyan]19. outlook.hu           (Region: hu-hu)[/cyan]
[2026-02-24 18:26:35] [INFO] [cyan]28. outlook.co.th        (Region: th-th)[/cyan]
[2026-02-24 18:26:35] [INFO] [cyan]16. outlook.co.id        (Region: iD-iD)[/cyan]
[2026-02-24 18:26:35] [INFO] [cyan]27. outlook.es           (Region: es-es)[/cyan]
[2026-02-24 18:26:35] [INFO] [cyan]25. outlook.sg           (Region: sg-sg)[/cyan]
[2026-02-24 18:26:35] [INFO] [cyan]20. outlook.lv           (Region: lv-lv)[/cyan]
[2026-02-24 18:26:35] [INFO] [cyan]18. outlook.it           (Region: it-it)[/cyan]
[2026-02-24 18:26:35] [INFO] [cyan]32. outlook.com          (Region: en-US)[/cyan]
[2026-02-24 18:26:35] [INFO] [cyan]32. outlook.com          (Region: en-US)[/cyan]
[2026-02-24 18:26:35] [INFO] [cyan]17. outlook.ie           (Region: ie-ie)[/cyan]
[2026-02-24 18:26:35] [INFO] [cyan]20. outlook.lv           (Region: lv-lv)[/cyan]
[2026-02-24 18:26:35] [INFO] [cyan]29. outlook.com.tr       (Region: tr-tr)[/cyan]
[2026-02-24 18:26:35] [INFO] [cyan]17. outlook.ie           (Region: ie-ie)[/cyan]
[2026-02-24 18:26:35] [INFO] [cyan]28. outlook.co.th        (Region: th-th)[/cyan]
[2026-02-24 18:26:35] [INFO] [cyan]26. outlook.sk           (Region: sk-sk)[/cyan]
[2026-02-24 18:26:35] [INFO] [cyan]21. outlook.my           (Region: my-my)[/cyan]
[2026-02-24 18:26:35] [INFO] [cyan]19. outlook.hu           (Region: hu-hu)[/cyan]
[2026-02-24 18:26:35] [INFO] [cyan]33. hotmail.com          (Region: en-US)[/cyan]
[2026-02-24 18:26:35] [INFO] [cyan]33. hotmail.com          (Region: en-US)[/cyan]
[2026-02-24 18:26:35] [INFO] [cyan]18. outlook.it           (Region: it-it)[/cyan]
[2026-02-24 18:26:35] [INFO] [cyan]30. outlook.com.vn       (Region: vn-vn)[/cyan]
[2026-02-24 18:26:35] [INFO] [cyan]21. outlook.my           (Region: my-my)[/cyan]
[2026-02-24 18:26:35] [INFO] [cyan]18. outlook.it           (Region: it-it)[/cyan]
[2026-02-24 18:26:35] [INFO] [cyan]29. outlook.com.tr       (Region: tr-tr)[/cyan]
[2026-02-24 18:26:35] [INFO] [cyan]27. outlook.es           (Region: es-es)[/cyan]
[2026-02-24 18:26:35] [INFO] [cyan]22. outlook.co.nz        (Region: nz-nz)[/cyan]
[2026-02-24 18:26:35] [INFO] [cyan]20. outlook.lv           (Region: lv-lv)[/cyan]
[2026-02-24 18:26:35] [INFO] [cyan]31. outlook.dk           (Region: da-dk)[/cyan]
[2026-02-24 18:26:35] [INFO] [cyan]19. outlook.hu           (Region: hu-hu)[/cyan]
[2026-02-24 18:26:35] [INFO] [cyan]22. outlook.co.nz        (Region: nz-nz)[/cyan]
[2026-02-24 18:26:35] [INFO] [cyan]30. outlook.com.vn       (Region: vn-vn)[/cyan]
[2026-02-24 18:26:35] [INFO] [cyan]19. outlook.hu           (Region: hu-hu)[/cyan]
[2026-02-24 18:26:35] [INFO] [cyan]28. outlook.co.th        (Region: th-th)[/cyan]
[2026-02-24 18:26:35] [INFO] [cyan]23. outlook.ph           (Region: ph-ph)[/cyan]
[2026-02-24 18:26:35] [INFO] [cyan]21. outlook.my           (Region: my-my)[/cyan]
[2026-02-24 18:26:35] [INFO] [cyan]20. outlook.lv           (Region: lv-lv)[/cyan]
[2026-02-24 18:26:35] [INFO] [cyan]32. outlook.com          (Region: en-US)[/cyan]
[2026-02-24 18:26:35] [INFO] [cyan]23. outlook.ph           (Region: ph-ph)[/cyan]
[2026-02-24 18:26:35] [INFO] [cyan]20. outlook.lv           (Region: lv-lv)[/cyan]
[2026-02-24 18:26:35] [INFO] [cyan]31. outlook.dk           (Region: da-dk)[/cyan]
[2026-02-24 18:26:35] [INFO] [cyan]29. outlook.com.tr       (Region: tr-tr)[/cyan]
[2026-02-24 18:26:35] [INFO] [cyan]24. outlook.pt           (Region: pt-pt)[/cyan]
[2026-02-24 18:26:35] [INFO] [cyan]22. outlook.co.nz        (Region: nz-nz)[/cyan]
[2026-02-24 18:26:35] [INFO] [cyan]33. hotmail.com          (Region: en-US)[/cyan]
[2026-02-24 18:26:35] [INFO] [cyan]21. outlook.my           (Region: my-my)[/cyan]
[2026-02-24 18:26:35] [INFO] [cyan]24. outlook.pt           (Region: pt-pt)[/cyan]
[2026-02-24 18:26:35] [INFO] Getting proxy from file...
[2026-02-24 18:26:35] [INFO] [cyan]21. outlook.my           (Region: my-my)[/cyan]
[2026-02-24 18:26:35] [INFO] [cyan]32. outlook.com          (Region: en-US)[/cyan]
[2026-02-24 18:26:35] [INFO] [cyan]30. outlook.com.vn       (Region: vn-vn)[/cyan]
[2026-02-24 18:26:35] [INFO] Getting proxy from file...
[2026-02-24 18:26:35] [INFO] [cyan]23. outlook.ph           (Region: ph-ph)[/cyan]
[2026-02-24 18:26:35] [INFO] [cyan]25. outlook.sg           (Region: sg-sg)[/cyan]
[2026-02-24 18:26:35] [INFO] [cyan]22. outlook.co.nz        (Region: nz-nz)[/cyan]
[2026-02-24 18:26:35] [ERROR] No proxies found in file
[2026-02-24 18:26:35] [INFO] [cyan]25. outlook.sg           (Region: sg-sg)[/cyan]
[2026-02-24 18:26:35] [INFO] [cyan]22. outlook.co.nz        (Region: nz-nz)[/cyan]
[2026-02-24 18:26:35] [INFO] [cyan]31. outlook.dk           (Region: da-dk)[/cyan]
[2026-02-24 18:26:35] [ERROR] No proxies found in file
[2026-02-24 18:26:35] [INFO] [cyan]23. outlook.ph           (Region: ph-ph)[/cyan]
[2026-02-24 18:26:35] [INFO] [cyan]33. hotmail.com          (Region: en-US)[/cyan]
[2026-02-24 18:26:35] [INFO] [cyan]26. outlook.sk           (Region: sk-sk)[/cyan]
[2026-02-24 18:26:35] [INFO] [cyan]24. outlook.pt           (Region: pt-pt)[/cyan]
[2026-02-24 18:26:35] [INFO] [cyan]23. outlook.ph           (Region: ph-ph)[/cyan]
[2026-02-24 18:26:35] [INFO] [cyan]26. outlook.sk           (Region: sk-sk)[/cyan]
[2026-02-24 18:26:35] [INFO] [cyan]32. outlook.com          (Region: en-US)[/cyan]
[2026-02-24 18:26:35] [INFO] [cyan]24. outlook.pt           (Region: pt-pt)[/cyan]
[2026-02-24 18:26:35] [INFO] [cyan]27. outlook.es           (Region: es-es)[/cyan]
[2026-02-24 18:26:35] [INFO] Getting proxy from file...
[2026-02-24 18:26:35] [INFO] [cyan]25. outlook.sg           (Region: sg-sg)[/cyan]
[2026-02-24 18:26:35] [INFO] [cyan]24. outlook.pt           (Region: pt-pt)[/cyan]
[2026-02-24 18:26:35] [INFO] [cyan]27. outlook.es           (Region: es-es)[/cyan]
[2026-02-24 18:26:35] [INFO] [cyan]33. hotmail.com          (Region: en-US)[/cyan]
[2026-02-24 18:26:35] [INFO] [cyan]25. outlook.sg           (Region: sg-sg)[/cyan]
[2026-02-24 18:26:35] [INFO] [cyan]28. outlook.co.th        (Region: th-th)[/cyan]
[2026-02-24 18:26:35] [ERROR] No proxies found in file
[2026-02-24 18:26:35] [INFO] [cyan]28. outlook.co.th        (Region: th-th)[/cyan]
[2026-02-24 18:26:35] [INFO] [cyan]25. outlook.sg           (Region: sg-sg)[/cyan]
[2026-02-24 18:26:35] [INFO] [cyan]26. outlook.sk           (Region: sk-sk)[/cyan]
[2026-02-24 18:26:35] [INFO] [cyan]29. outlook.com.tr       (Region: tr-tr)[/cyan]
[2026-02-24 18:26:35] [INFO] [cyan]26. outlook.sk           (Region: sk-sk)[/cyan]
[2026-02-24 18:26:35] [INFO] [cyan]26. outlook.sk           (Region: sk-sk)[/cyan]
[2026-02-24 18:26:35] [INFO] Getting proxy from file...
[2026-02-24 18:26:35] [INFO] [cyan]27. outlook.es           (Region: es-es)[/cyan]
[2026-02-24 18:26:35] [INFO] [cyan]29. outlook.com.tr       (Region: tr-tr)[/cyan]
[2026-02-24 18:26:35] [INFO] [cyan]30. outlook.com.vn       (Region: vn-vn)[/cyan]
[2026-02-24 18:26:35] [INFO] [cyan]27. outlook.es           (Region: es-es)[/cyan]
[2026-02-24 18:26:35] [INFO] [cyan]27. outlook.es           (Region: es-es)[/cyan]
[2026-02-24 18:26:35] [ERROR] No proxies found in file
[2026-02-24 18:26:35] [INFO] [cyan]28. outlook.co.th        (Region: th-th)[/cyan]
[2026-02-24 18:26:35] [INFO] [cyan]31. outlook.dk           (Region: da-dk)[/cyan]
[2026-02-24 18:26:35] [INFO] [cyan]30. outlook.com.vn       (Region: vn-vn)[/cyan]
[2026-02-24 18:26:35] [INFO] [cyan]28. outlook.co.th        (Region: th-th)[/cyan]
[2026-02-24 18:26:35] [INFO] [cyan]28. outlook.co.th        (Region: th-th)[/cyan]
[2026-02-24 18:26:35] [INFO] [cyan]32. outlook.com          (Region: en-US)[/cyan]
[2026-02-24 18:26:35] [INFO] [cyan]29. outlook.com.tr       (Region: tr-tr)[/cyan]
[2026-02-24 18:26:35] [INFO] Getting proxy from file...
[2026-02-24 18:26:35] [INFO] [cyan]29. outlook.com.tr       (Region: tr-tr)[/cyan]
[2026-02-24 18:26:35] [INFO] [cyan]29. outlook.com.tr       (Region: tr-tr)[/cyan]
[2026-02-24 18:26:35] [INFO] [cyan]33. hotmail.com          (Region: en-US)[/cyan]
[2026-02-24 18:26:35] [INFO] [cyan]31. outlook.dk           (Region: da-dk)[/cyan]
[2026-02-24 18:26:35] [INFO] [cyan]30. outlook.com.vn       (Region: vn-vn)[/cyan]
[2026-02-24 18:26:35] [INFO] [cyan]30. outlook.com.vn       (Region: vn-vn)[/cyan]
[2026-02-24 18:26:35] [ERROR] No proxies found in file
[2026-02-24 18:26:35] [INFO] [cyan]32. outlook.com          (Region: en-US)[/cyan]
[2026-02-24 18:26:35] [INFO] [cyan]31. outlook.dk           (Region: da-dk)[/cyan]
[2026-02-24 18:26:35] [INFO] [cyan]30. outlook.com.vn       (Region: vn-vn)[/cyan]
[2026-02-24 18:26:35] [INFO] [cyan]31. outlook.dk           (Region: da-dk)[/cyan]
[2026-02-24 18:26:35] [INFO] [cyan]33. hotmail.com          (Region: en-US)[/cyan]
[2026-02-24 18:26:35] [INFO] [cyan]32. outlook.com          (Region: en-US)[/cyan]
[2026-02-24 18:26:35] [INFO] [cyan]31. outlook.dk           (Region: da-dk)[/cyan]
[2026-02-24 18:26:35] [INFO] [cyan]32. outlook.com          (Region: en-US)[/cyan]
[2026-02-24 18:26:35] [INFO] Getting proxy from file...
[2026-02-24 18:26:35] [INFO] [cyan]33. hotmail.com          (Region: en-US)[/cyan]
[2026-02-24 18:26:35] [INFO] [cyan]32. outlook.com          (Region: en-US)[/cyan]
[2026-02-24 18:26:35] [INFO] [cyan]33. hotmail.com          (Region: en-US)[/cyan]
[2026-02-24 18:26:35] [ERROR] No proxies found in file
[2026-02-24 18:26:35] [INFO] [cyan]33. hotmail.com          (Region: en-US)[/cyan]
[2026-02-24 18:26:35] [INFO] Getting proxy from file...
[2026-02-24 18:26:35] [INFO] Getting proxy from file...
[2026-02-24 18:26:35] [INFO] Getting proxy from file...
[2026-02-24 18:26:35] [ERROR] No proxies found in file
[2026-02-24 18:26:35] [ERROR] No proxies found in file
[2026-02-24 18:26:35] [ERROR] No proxies found in file
[2026-02-24 18:26:35] [INFO] Getting proxy from file...
[2026-02-24 18:26:35] [ERROR] No proxies found in file
[2026-02-24 18:26:40] [INFO] Getting proxy from file...
[2026-02-24 18:26:40] [ERROR] No proxies found in file
[2026-02-24 18:26:40] [INFO] Getting proxy from file...
[2026-02-24 18:26:40] [ERROR] No proxies found in file
[2026-02-24 18:26:40] [INFO] Getting proxy from file...
[2026-02-24 18:26:40] [ERROR] No proxies found in file
[2026-02-24 18:26:40] [INFO] Getting proxy from file...
[2026-02-24 18:26:40] [ERROR] No proxies found in file
[2026-02-24 18:26:40] [INFO] Getting proxy from file...
[2026-02-24 18:26:40] [ERROR] No proxies found in file
[2026-02-24 18:26:40] [INFO] Getting proxy from file...
[2026-02-24 18:26:40] [INFO] Getting proxy from file...
[2026-02-24 18:26:40] [ERROR] No proxies found in file
[2026-02-24 18:26:40] [ERROR] No proxies found in file
[2026-02-24 18:26:41] [INFO] Getting proxy from file...
[2026-02-24 18:26:41] [ERROR] No proxies found in file
[2026-02-24 18:26:41] [INFO] Getting proxy from file...
[2026-02-24 18:26:41] [ERROR] No proxies found in file
[2026-02-24 18:26:42] [INFO] Getting proxy from file...
[2026-02-24 18:26:42] [ERROR] No proxies found in file
[2026-02-24 18:26:44] [INFO] Getting proxy from file...
[2026-02-24 18:26:44] [ERROR] No proxies found in file
[2026-02-24 18:26:45] [INFO] Getting proxy from file...
[2026-02-24 18:26:45] [ERROR] No proxies found in file
[2026-02-24 18:26:45] [INFO] Getting proxy from file...
[2026-02-24 18:26:45] [ERROR] No proxies found in file
[2026-02-24 18:26:45] [INFO] Getting proxy from file...
[2026-02-24 18:26:45] [ERROR] No proxies found in file
[2026-02-24 18:26:46] [INFO] Getting proxy from file...
[2026-02-24 18:26:46] [ERROR] No proxies found in file
[2026-02-24 18:26:46] [INFO] Getting proxy from file...
[2026-02-24 18:26:46] [ERROR] No proxies found in file
[2026-02-24 18:26:46] [INFO] Getting proxy from file...
[2026-02-24 18:26:46] [ERROR] No proxies found in file
[2026-02-24 18:26:46] [INFO] Getting proxy from file...
[2026-02-24 18:26:46] [ERROR] No proxies found in file
[2026-02-24 18:26:47] [INFO] Getting proxy from file...
[2026-02-24 18:26:47] [ERROR] No proxies found in file
[2026-02-24 18:26:49] [INFO] Getting proxy from file...
[2026-02-24 18:26:49] [ERROR] No proxies found in file
[2026-02-24 18:26:50] [INFO] Getting proxy from file...
[2026-02-24 18:26:50] [ERROR] No proxies found in file
[2026-02-24 18:26:50] [INFO] Getting proxy from file...
[2026-02-24 18:26:50] [ERROR] No proxies found in file
[2026-02-24 18:26:51] [INFO] Getting proxy from file...
[2026-02-24 18:26:51] [ERROR] No proxies found in file
[2026-02-24 18:26:51] [INFO] Getting proxy from file...
[2026-02-24 18:26:51] [ERROR] No proxies found in file
[2026-02-24 18:26:51] [INFO] Getting proxy from file...
[2026-02-24 18:26:51] [ERROR] No proxies found in file
[2026-02-24 18:26:52] [INFO] Getting proxy from file...
[2026-02-24 18:26:52] [ERROR] No proxies found in file
[2026-02-24 18:26:52] [INFO] Getting proxy from file...
[2026-02-24 18:26:52] [ERROR] No proxies found in file
[2026-02-24 18:26:52] [INFO] Getting proxy from file...
[2026-02-24 18:26:52] [ERROR] No proxies found in file
[2026-02-24 18:26:53] [INFO] Getting proxy from file...
[2026-02-24 18:26:53] [ERROR] No proxies found in file
[2026-02-24 18:26:54] [INFO] Getting proxy from file...
[2026-02-24 18:26:54] [ERROR] No proxies found in file
[2026-02-24 18:26:55] [INFO] Getting proxy from file...
[2026-02-24 18:26:55] [ERROR] No proxies found in file
[2026-02-24 18:26:56] [INFO] Getting proxy from file...
[2026-02-24 18:26:56] [ERROR] No proxies found in file
[2026-02-24 18:26:56] [INFO] Getting proxy from file...
[2026-02-24 18:26:56] [ERROR] No proxies found in file
[2026-02-24 18:26:57] [INFO] Getting proxy from file...
[2026-02-24 18:26:57] [ERROR] No proxies found in file
[2026-02-24 18:26:57] [INFO] Getting proxy from file...
[2026-02-24 18:26:57] [ERROR] No proxies found in file
[2026-02-24 18:26:57] [INFO] Getting proxy from file...
[2026-02-24 18:26:57] [ERROR] No proxies found in file
[2026-02-24 18:26:58] [INFO] Getting proxy from file...
[2026-02-24 18:26:58] [ERROR] No proxies found in file
[2026-02-24 18:26:58] [INFO] Getting proxy from file...
[2026-02-24 18:26:58] [ERROR] No proxies found in file
[2026-02-24 18:27:01] [INFO] Getting proxy from file...
[2026-02-24 18:27:01] [ERROR] No proxies found in file
[2026-02-24 18:27:01] [INFO] Getting proxy from file...
[2026-02-24 18:27:01] [ERROR] No proxies found in file
[2026-02-24 18:27:01] [INFO] Getting proxy from file...
[2026-02-24 18:27:01] [ERROR] No proxies found in file
[2026-02-24 18:27:02] [INFO] Getting proxy from file...
[2026-02-24 18:27:02] [ERROR] No proxies found in file
[2026-02-24 18:27:03] [INFO] Getting proxy from file...
[2026-02-24 18:27:03] [ERROR] No proxies found in file
[2026-02-24 18:27:04] [INFO] Getting proxy from file...
[2026-02-24 18:27:04] [ERROR] No proxies found in file
[2026-02-24 18:27:04] [INFO] Getting proxy from file...
[2026-02-24 18:27:04] [ERROR] No proxies found in file
[2026-02-24 18:27:04] [INFO] Getting proxy from file...
[2026-02-24 18:27:04] [ERROR] No proxies found in file
[2026-02-24 18:27:04] [INFO] Getting proxy from file...
[2026-02-24 18:27:04] [ERROR] No proxies found in file
[2026-02-24 18:27:05] [INFO] Getting proxy from file...
[2026-02-24 18:27:05] [ERROR] No proxies found in file
[2026-02-24 18:27:05] [INFO] Getting proxy from file...
[2026-02-24 18:27:05] [ERROR] No proxies found in file
[2026-02-24 18:27:05] [INFO] Getting proxy from file...
[2026-02-24 18:27:05] [ERROR] No proxies found in file
[2026-02-24 18:27:05] [INFO] Getting proxy from file...
[2026-02-24 18:27:05] [ERROR] No proxies found in file
[2026-02-24 18:27:08] [INFO] Getting proxy from file...
[2026-02-24 18:27:08] [ERROR] No proxies found in file
[2026-02-24 18:27:08] [INFO] Getting proxy from file...
[2026-02-24 18:27:08] [ERROR] No proxies found in file
[2026-02-24 18:27:08] [INFO] Getting proxy from file...
[2026-02-24 18:27:08] [ERROR] No proxies found in file
[2026-02-24 18:27:09] [INFO] Getting proxy from file...
[2026-02-24 18:27:09] [ERROR] No proxies found in file
[2026-02-24 18:27:09] [INFO] Getting proxy from file...
[2026-02-24 18:27:09] [ERROR] No proxies found in file
[2026-02-24 18:27:09] [INFO] Getting proxy from file...
[2026-02-24 18:27:09] [INFO] Getting proxy from file...
[2026-02-24 18:27:09] [ERROR] No proxies found in file
[2026-02-24 18:27:09] [ERROR] No proxies found in file
[2026-02-24 18:27:09] [INFO] Getting proxy from file...
[2026-02-24 18:27:09] [ERROR] No proxies found in file
[2026-02-24 18:27:09] [INFO] Getting proxy from file...
[2026-02-24 18:27:09] [ERROR] No proxies found in file
[2026-02-24 18:27:09] [INFO] Getting proxy from file...
[2026-02-24 18:27:09] [ERROR] No proxies found in file
[2026-02-24 18:27:10] [INFO] Getting proxy from file...
[2026-02-24 18:27:10] [ERROR] No proxies found in file
[2026-02-24 18:27:11] [INFO] Getting proxy from file...
[2026-02-24 18:27:11] [ERROR] No proxies found in file
[2026-02-24 18:27:11] [INFO] Getting proxy from file...
[2026-02-24 18:27:11] [ERROR] No proxies found in file
[2026-02-24 18:27:11] [INFO] Getting proxy from file...
[2026-02-24 18:27:11] [ERROR] No proxies found in file
[2026-02-24 18:27:11] [INFO] Getting proxy from file...
[2026-02-24 18:27:11] [ERROR] No proxies found in file
[2026-02-24 18:27:11] [INFO] Getting proxy from file...
[2026-02-24 18:27:11] [ERROR] No proxies found in file
[2026-02-24 18:27:12] [INFO] Getting proxy from file...
[2026-02-24 18:27:12] [ERROR] No proxies found in file
[2026-02-24 18:27:12] [INFO] Getting proxy from file...
[2026-02-24 18:27:12] [ERROR] No proxies found in file
[2026-02-24 18:27:12] [INFO] Getting proxy from file...
[2026-02-24 18:27:12] [ERROR] No proxies found in file
[2026-02-24 18:27:12] [INFO] Getting proxy from file...
[2026-02-24 18:27:12] [ERROR] No proxies found in file
[2026-02-24 18:27:12] [INFO] Getting proxy from file...
[2026-02-24 18:27:12] [ERROR] No proxies found in file
[2026-02-24 18:27:12] [INFO] Getting proxy from file...
[2026-02-24 18:27:12] [ERROR] No proxies found in file
[2026-02-24 18:27:12] [INFO] Getting proxy from file...
[2026-02-24 18:27:12] [ERROR] No proxies found in file
[2026-02-24 18:27:12] [INFO] Getting proxy from file...
[2026-02-24 18:27:12] [ERROR] No proxies found in file
[2026-02-24 18:27:12] [INFO] Getting proxy from file...
[2026-02-24 18:27:12] [ERROR] No proxies found in file
[2026-02-24 18:27:13] [INFO] Getting proxy from file...
[2026-02-24 18:27:13] [ERROR] No proxies found in file
[2026-02-24 18:27:13] [INFO] Getting proxy from file...
[2026-02-24 18:27:13] [ERROR] No proxies found in file
[2026-02-24 18:27:13] [INFO] Getting proxy from file...
[2026-02-24 18:27:13] [ERROR] No proxies found in file
[2026-02-24 18:27:13] [INFO] Getting proxy from file...
[2026-02-24 18:27:13] [ERROR] No proxies found in file
[2026-02-24 18:27:13] [INFO] Getting proxy from file...
[2026-02-24 18:27:13] [ERROR] No proxies found in file
[2026-02-24 18:27:14] [INFO] Getting proxy from file...
[2026-02-24 18:27:14] [ERROR] No proxies found in file
[2026-02-24 18:27:14] [INFO] Getting proxy from file...
[2026-02-24 18:27:14] [ERROR] No proxies found in file
[2026-02-24 18:27:14] [INFO] Getting proxy from file...
[2026-02-24 18:27:14] [ERROR] No proxies found in file
[2026-02-24 18:27:14] [INFO] Getting proxy from file...
[2026-02-24 18:27:14] [ERROR] No proxies found in file
[2026-02-24 18:27:14] [INFO] Getting proxy from file...
[2026-02-24 18:27:14] [ERROR] No proxies found in file
[2026-02-24 18:27:14] [INFO] Getting proxy from file...
[2026-02-24 18:27:14] [ERROR] No proxies found in file
[2026-02-24 18:27:15] [INFO] Getting proxy from file...
[2026-02-24 18:27:15] [ERROR] No proxies found in file
[2026-02-24 18:27:15] [INFO] Getting proxy from file...
[2026-02-24 18:27:15] [ERROR] No proxies found in file
[2026-02-24 18:27:15] [INFO] Getting proxy from file...
[2026-02-24 18:27:15] [INFO] Getting proxy from file...
[2026-02-24 18:27:15] [ERROR] No proxies found in file
[2026-02-24 18:27:15] [ERROR] No proxies found in file
[2026-02-24 18:27:15] [INFO] Getting proxy from file...
[2026-02-24 18:27:15] [ERROR] No proxies found in file
[2026-02-24 18:27:15] [INFO] Getting proxy from file...
[2026-02-24 18:27:15] [ERROR] No proxies found in file
[2026-02-24 18:27:15] [INFO] Getting proxy from file...
[2026-02-24 18:27:15] [ERROR] No proxies found in file
[2026-02-24 18:27:15] [INFO] Getting proxy from file...
[2026-02-24 18:27:15] [ERROR] No proxies found in file
[2026-02-24 18:27:16] [INFO] Getting proxy from file...
[2026-02-24 18:27:16] [ERROR] No proxies found in file
[2026-02-24 18:27:16] [INFO] Getting proxy from file...
[2026-02-24 18:27:16] [ERROR] No proxies found in file
[2026-02-24 18:27:16] [INFO] Getting proxy from file...
[2026-02-24 18:27:16] [ERROR] No proxies found in file
[2026-02-24 18:27:16] [INFO] Getting proxy from file...
[2026-02-24 18:27:16] [ERROR] No proxies found in file
[2026-02-24 18:27:16] [INFO] Getting proxy from file...
[2026-02-24 18:27:16] [ERROR] No proxies found in file
[2026-02-24 18:27:16] [INFO] Getting proxy from file...
[2026-02-24 18:27:16] [ERROR] No proxies found in file
[2026-02-24 18:27:16] [INFO] Getting proxy from file...
[2026-02-24 18:27:16] [ERROR] No proxies found in file
[2026-02-24 18:27:17] [INFO] Getting proxy from file...
[2026-02-24 18:27:17] [ERROR] No proxies found in file
[2026-02-24 18:27:17] [INFO] Getting proxy from file...
[2026-02-24 18:27:17] [ERROR] No proxies found in file
[2026-02-24 18:27:17] [INFO] Getting proxy from file...
[2026-02-24 18:27:17] [ERROR] No proxies found in file
[2026-02-24 18:27:17] [INFO] Getting proxy from file...
[2026-02-24 18:27:17] [ERROR] No proxies found in file
[2026-02-24 18:27:17] [INFO] Getting proxy from file...
[2026-02-24 18:27:17] [ERROR] No proxies found in file
[2026-02-24 18:27:17] [INFO] Getting proxy from file...
[2026-02-24 18:27:17] [ERROR] No proxies found in file
[2026-02-24 18:27:18] [INFO] Getting proxy from file...
[2026-02-24 18:27:18] [ERROR] No proxies found in file
[2026-02-24 18:27:18] [INFO] Getting proxy from file...
[2026-02-24 18:27:18] [INFO] Getting proxy from file...
[2026-02-24 18:27:18] [ERROR] No proxies found in file
[2026-02-24 18:27:18] [ERROR] No proxies found in file
[2026-02-24 18:27:18] [INFO] Getting proxy from file...
[2026-02-24 18:27:18] [ERROR] No proxies found in file
[2026-02-24 18:27:18] [INFO] Getting proxy from file...
[2026-02-24 18:27:18] [ERROR] No proxies found in file
[2026-02-24 18:27:18] [INFO] Getting proxy from file...
[2026-02-24 18:27:18] [ERROR] No proxies found in file
[2026-02-24 18:27:18] [INFO] Getting proxy from file...
[2026-02-24 18:27:18] [ERROR] No proxies found in file
[2026-02-24 18:27:19] [INFO] Getting proxy from file...
[2026-02-24 18:27:19] [ERROR] No proxies found in file
[2026-02-24 18:27:19] [INFO] Getting proxy from file...
[2026-02-24 18:27:19] [ERROR] No proxies found in file
[2026-02-24 18:27:19] [INFO] Getting proxy from file...
[2026-02-24 18:27:19] [ERROR] No proxies found in file
[2026-02-24 18:27:19] [INFO] Getting proxy from file...
[2026-02-24 18:27:19] [ERROR] No proxies found in file
[2026-02-24 18:27:19] [INFO] Getting proxy from file...
[2026-02-24 18:27:19] [ERROR] No proxies found in file
[2026-02-24 18:27:19] [INFO] Getting proxy from file...
[2026-02-24 18:27:19] [ERROR] No proxies found in file
[2026-02-24 18:27:20] [INFO] Getting proxy from file...
[2026-02-24 18:27:20] [ERROR] No proxies found in file
[2026-02-24 18:27:20] [INFO] Getting proxy from file...
[2026-02-24 18:27:20] [ERROR] No proxies found in file
[2026-02-24 18:27:20] [INFO] Getting proxy from file...
[2026-02-24 18:27:20] [ERROR] No proxies found in file
[2026-02-24 18:27:20] [INFO] Getting proxy from file...
[2026-02-24 18:27:20] [ERROR] No proxies found in file
[2026-02-24 18:27:20] [INFO] Getting proxy from file...
[2026-02-24 18:27:20] [ERROR] No proxies found in file
[2026-02-24 18:27:20] [INFO] Getting proxy from file...
[2026-02-24 18:27:20] [ERROR] No proxies found in file
[2026-02-24 18:27:20] [INFO] Getting proxy from file...
[2026-02-24 18:27:20] [ERROR] No proxies found in file
[2026-02-24 18:27:21] [INFO] Getting proxy from file...
[2026-02-24 18:27:21] [ERROR] No proxies found in file
[2026-02-24 18:27:21] [INFO] Getting proxy from file...
[2026-02-24 18:27:21] [ERROR] No proxies found in file
[2026-02-24 18:27:21] [INFO] Getting proxy from file...
[2026-02-24 18:27:21] [ERROR] No proxies found in file
[2026-02-24 18:27:21] [INFO] Getting proxy from file...
[2026-02-24 18:27:21] [ERROR] No proxies found in file
[2026-02-24 18:27:21] [INFO] Getting proxy from file...
[2026-02-24 18:27:21] [ERROR] No proxies found in file
[2026-02-24 18:27:21] [INFO] Getting proxy from file...
[2026-02-24 18:27:21] [ERROR] No proxies found in file
[2026-02-24 18:27:21] [INFO] Getting proxy from file...
[2026-02-24 18:27:21] [ERROR] No proxies found in file
[2026-02-24 18:27:21] [INFO] Getting proxy from file...
[2026-02-24 18:27:21] [ERROR] No proxies found in file
[2026-02-24 18:27:22] [INFO] Getting proxy from file...
[2026-02-24 18:27:22] [ERROR] No proxies found in file
[2026-02-24 18:27:22] [INFO] Getting proxy from file...
[2026-02-24 18:27:22] [ERROR] No proxies found in file
[2026-02-24 18:27:22] [INFO] Getting proxy from file...
[2026-02-24 18:27:22] [ERROR] No proxies found in file
[2026-02-24 18:27:22] [INFO] Getting proxy from file...
[2026-02-24 18:27:22] [ERROR] No proxies found in file
[2026-02-24 18:27:22] [INFO] Getting proxy from file...
[2026-02-24 18:27:22] [ERROR] No proxies found in file
[2026-02-24 18:27:23] [INFO] Getting proxy from file...
[2026-02-24 18:27:23] [ERROR] No proxies found in file
[2026-02-24 18:27:23] [INFO] Getting proxy from file...
[2026-02-24 18:27:23] [ERROR] No proxies found in file
[2026-02-24 18:27:23] [INFO] Getting proxy from file...
[2026-02-24 18:27:23] [ERROR] No proxies found in file
[2026-02-24 18:27:23] [INFO] Getting proxy from file...
[2026-02-24 18:27:23] [ERROR] No proxies found in file
[2026-02-24 18:27:23] [INFO] Getting proxy from file...
[2026-02-24 18:27:23] [ERROR] No proxies found in file
[2026-02-24 18:27:23] [INFO] Getting proxy from file...
[2026-02-24 18:27:23] [ERROR] No proxies found in file
[2026-02-24 18:27:24] [INFO] Getting proxy from file...
[2026-02-24 18:27:24] [ERROR] No proxies found in file
[2026-02-24 18:27:24] [INFO] Getting proxy from file...
[2026-02-24 18:27:24] [ERROR] No proxies found in file
[2026-02-24 18:27:24] [INFO] Getting proxy from file...
[2026-02-24 18:27:24] [ERROR] No proxies found in file
[2026-02-24 18:27:24] [INFO] Getting proxy from file...
[2026-02-24 18:27:24] [ERROR] No proxies found in file
[2026-02-24 18:27:24] [INFO] Getting proxy from file...
[2026-02-24 18:27:24] [ERROR] No proxies found in file
[2026-02-24 18:27:24] [INFO] Getting proxy from file...
[2026-02-24 18:27:24] [ERROR] No proxies found in file
[2026-02-24 18:27:24] [INFO] Getting proxy from file...
[2026-02-24 18:27:24] [ERROR] No proxies found in file
[2026-02-24 18:27:25] [INFO] Getting proxy from file...
[2026-02-24 18:27:25] [ERROR] No proxies found in file
[2026-02-24 18:27:25] [INFO] Getting proxy from file...
[2026-02-24 18:27:25] [INFO] Getting proxy from file...
[2026-02-24 18:27:25] [ERROR] No proxies found in file
[2026-02-24 18:27:25] [ERROR] No proxies found in file
[2026-02-24 18:27:25] [INFO] Getting proxy from file...
[2026-02-24 18:27:25] [ERROR] No proxies found in file
[2026-02-24 18:27:25] [INFO] Getting proxy from file...
[2026-02-24 18:27:25] [ERROR] No proxies found in file
[2026-02-24 18:27:26] [INFO] Getting proxy from file...
[2026-02-24 18:27:26] [ERROR] No proxies found in file
[2026-02-24 18:27:26] [INFO] Getting proxy from file...
[2026-02-24 18:27:26] [ERROR] No proxies found in file
[2026-02-24 18:27:26] [INFO] Getting proxy from file...
[2026-02-24 18:27:26] [ERROR] No proxies found in file
[2026-02-24 18:27:26] [INFO] Getting proxy from file...
[2026-02-24 18:27:26] [INFO] Getting proxy from file...
[2026-02-24 18:27:26] [ERROR] No proxies found in file
[2026-02-24 18:27:26] [ERROR] No proxies found in file
[2026-02-24 18:27:26] [INFO] Getting proxy from file...
[2026-02-24 18:27:26] [ERROR] No proxies found in file
[2026-02-24 18:27:27] [INFO] Getting proxy from file...
[2026-02-24 18:27:27] [ERROR] No proxies found in file
[2026-02-24 18:27:27] [INFO] Getting proxy from file...
[2026-02-24 18:27:27] [ERROR] No proxies found in file
[2026-02-24 18:27:27] [INFO] Getting proxy from file...
[2026-02-24 18:27:27] [ERROR] No proxies found in file
[2026-02-24 18:27:27] [INFO] Getting proxy from file...
[2026-02-24 18:27:27] [ERROR] No proxies found in file
[2026-02-24 18:27:27] [INFO] Getting proxy from file...
[2026-02-24 18:27:27] [ERROR] No proxies found in file
[2026-02-24 18:27:27] [INFO] Getting proxy from file...
[2026-02-24 18:27:27] [ERROR] No proxies found in file
[2026-02-24 18:27:27] [INFO] Getting proxy from file...
[2026-02-24 18:27:27] [ERROR] No proxies found in file
[2026-02-24 18:27:27] [INFO] Getting proxy from file...
[2026-02-24 18:27:27] [ERROR] No proxies found in file
[2026-02-24 18:27:28] [INFO] Getting proxy from file...
[2026-02-24 18:27:28] [ERROR] No proxies found in file
[2026-02-24 18:27:28] [INFO] Getting proxy from file...
[2026-02-24 18:27:28] [ERROR] No proxies found in file
[2026-02-24 18:27:28] [INFO] Getting proxy from file...
[2026-02-24 18:27:28] [ERROR] No proxies found in file
[2026-02-24 18:27:28] [INFO] Getting proxy from file...
[2026-02-24 18:27:28] [ERROR] No proxies found in file
[2026-02-24 18:27:28] [INFO] Getting proxy from file...
[2026-02-24 18:27:28] [ERROR] No proxies found in file
[2026-02-24 18:27:28] [INFO] Getting proxy from file...
[2026-02-24 18:27:28] [ERROR] No proxies found in file
[2026-02-24 18:27:29] [INFO] Getting proxy from file...
[2026-02-24 18:27:29] [ERROR] No proxies found in file
[2026-02-24 18:27:29] [INFO] Getting proxy from file...
[2026-02-24 18:27:29] [ERROR] No proxies found in file
[2026-02-24 18:27:29] [INFO] Getting proxy from file...
[2026-02-24 18:27:29] [ERROR] No proxies found in file
[2026-02-24 18:27:29] [INFO] Getting proxy from file...
[2026-02-24 18:27:29] [ERROR] No proxies found in file
[2026-02-24 18:27:30] [INFO] Getting proxy from file...
[2026-02-24 18:27:30] [ERROR] No proxies found in file
[2026-02-24 18:27:30] [INFO] Getting proxy from file...
[2026-02-24 18:27:30] [ERROR] No proxies found in file
[2026-02-24 18:27:30] [INFO] Getting proxy from file...
[2026-02-24 18:27:30] [ERROR] No proxies found in file
[2026-02-24 18:27:30] [INFO] Getting proxy from file...
[2026-02-24 18:27:30] [ERROR] No proxies found in file
[2026-02-24 18:27:30] [INFO] Getting proxy from file...
[2026-02-24 18:27:30] [ERROR] No proxies found in file
[2026-02-24 18:27:30] [INFO] Getting proxy from file...
[2026-02-24 18:27:30] [ERROR] No proxies found in file
[2026-02-24 18:27:30] [INFO] Getting proxy from file...
[2026-02-24 18:27:30] [ERROR] No proxies found in file
[2026-02-24 18:27:31] [INFO] Getting proxy from file...
[2026-02-24 18:27:31] [ERROR] No proxies found in file
[2026-02-24 18:27:31] [INFO] Getting proxy from file...
[2026-02-24 18:27:31] [ERROR] No proxies found in file
[2026-02-24 18:27:31] [INFO] Getting proxy from file...
[2026-02-24 18:27:31] [ERROR] No proxies found in file
[2026-02-24 18:27:32] [INFO] Getting proxy from file...
[2026-02-24 18:27:32] [ERROR] No proxies found in file
[2026-02-24 18:27:32] [INFO] Getting proxy from file...
[2026-02-24 18:27:32] [ERROR] No proxies found in file
[2026-02-24 18:27:32] [INFO] Getting proxy from file...
[2026-02-24 18:27:32] [ERROR] No proxies found in file
[2026-02-24 18:27:32] [INFO] Getting proxy from file...
[2026-02-24 18:27:32] [ERROR] No proxies found in file
[2026-02-24 18:27:32] [INFO] Getting proxy from file...
[2026-02-24 18:27:32] [ERROR] No proxies found in file
[2026-02-24 18:27:32] [INFO] Getting proxy from file...
[2026-02-24 18:27:32] [ERROR] No proxies found in file
[2026-02-24 18:27:32] [INFO] Getting proxy from file...
[2026-02-24 18:27:32] [ERROR] No proxies found in file
[2026-02-24 18:27:32] [INFO] Getting proxy from file...
[2026-02-24 18:27:32] [ERROR] No proxies found in file
[2026-02-24 18:27:32] [INFO] Getting proxy from file...
[2026-02-24 18:27:32] [ERROR] No proxies found in file
[2026-02-24 18:27:33] [INFO] Getting proxy from file...
[2026-02-24 18:27:33] [ERROR] No proxies found in file
[2026-02-24 18:27:35] [INFO] Getting proxy from file...
[2026-02-24 18:27:35] [ERROR] No proxies found in file
[2026-02-24 18:27:35] [INFO] Getting proxy from file...
[2026-02-24 18:27:35] [ERROR] No proxies found in file
[2026-02-24 18:27:35] [INFO] Getting proxy from file...
[2026-02-24 18:27:35] [ERROR] No proxies found in file
[2026-02-24 18:27:35] [INFO] Getting proxy from file...
[2026-02-24 18:27:35] [ERROR] No proxies found in file
[2026-02-24 18:27:35] [INFO] Getting proxy from file...
[2026-02-24 18:27:35] [ERROR] No proxies found in file
[2026-02-24 18:27:35] [INFO] Getting proxy from file...
[2026-02-24 18:27:35] [ERROR] No proxies found in file
[2026-02-24 18:27:35] [INFO] Getting proxy from file...
[2026-02-24 18:27:35] [ERROR] No proxies found in file
[2026-02-24 18:27:35] [INFO] Getting proxy from file...
[2026-02-24 18:27:35] [ERROR] No proxies found in file
[2026-02-24 18:27:36] [INFO] Getting proxy from file...
[2026-02-24 18:27:36] [ERROR] No proxies found in file
[2026-02-24 18:27:36] [INFO] Getting proxy from file...
[2026-02-24 18:27:36] [ERROR] No proxies found in file
[2026-02-24 18:27:36] [INFO] Getting proxy from file...
[2026-02-24 18:27:36] [ERROR] No proxies found in file
[2026-02-24 18:27:37] [INFO] Getting proxy from file...
[2026-02-24 18:27:37] [ERROR] No proxies found in file
[2026-02-24 18:27:37] [INFO] Getting proxy from file...
[2026-02-24 18:27:37] [ERROR] No proxies found in file
[2026-02-24 18:27:37] [INFO] Getting proxy from file...
[2026-02-24 18:27:37] [ERROR] No proxies found in file
[2026-02-24 18:27:37] [INFO] Getting proxy from file...
[2026-02-24 18:27:37] [ERROR] No proxies found in file
[2026-02-24 18:27:37] [INFO] Getting proxy from file...
[2026-02-24 18:27:37] [ERROR] No proxies found in file
[2026-02-24 18:27:37] [INFO] Getting proxy from file...
[2026-02-24 18:27:37] [ERROR] No proxies found in file
[2026-02-24 18:27:37] [INFO] Getting proxy from file...
[2026-02-24 18:27:37] [ERROR] No proxies found in file
[2026-02-24 18:27:38] [INFO] Getting proxy from file...
[2026-02-24 18:27:38] [ERROR] No proxies found in file
[2026-02-24 18:27:38] [INFO] Getting proxy from file...
[2026-02-24 18:27:38] [ERROR] No proxies found in file
[2026-02-24 18:27:38] [INFO] Getting proxy from file...
[2026-02-24 18:27:38] [ERROR] No proxies found in file
[2026-02-24 18:27:38] [INFO] Getting proxy from file...
[2026-02-24 18:27:38] [ERROR] No proxies found in file
[2026-02-24 18:27:38] [INFO] Getting proxy from file...
[2026-02-24 18:27:38] [ERROR] No proxies found in file
[2026-02-24 18:27:38] [INFO] Getting proxy from file...
[2026-02-24 18:27:38] [ERROR] No proxies found in file
[2026-02-24 18:27:39] [INFO] Getting proxy from file...
[2026-02-24 18:27:39] [ERROR] No proxies found in file
[2026-02-24 18:27:39] [INFO] Getting proxy from file...
[2026-02-24 18:27:39] [ERROR] No proxies found in file
[2026-02-24 18:27:39] [INFO] Getting proxy from file...
[2026-02-24 18:27:39] [ERROR] No proxies found in file
[2026-02-24 18:27:39] [INFO] Getting proxy from file...
[2026-02-24 18:27:39] [ERROR] No proxies found in file
[2026-02-24 18:27:39] [INFO] Getting proxy from file...
[2026-02-24 18:27:39] [ERROR] No proxies found in file
[2026-02-24 18:27:40] [INFO] Getting proxy from file...
[2026-02-24 18:27:40] [ERROR] No proxies found in file
[2026-02-24 18:27:40] [INFO] Getting proxy from file...
[2026-02-24 18:27:40] [ERROR] No proxies found in file
[2026-02-24 18:27:40] [INFO] Getting proxy from file...
[2026-02-24 18:27:40] [ERROR] No proxies found in file
[2026-02-24 18:27:40] [INFO] Getting proxy from file...
[2026-02-24 18:27:40] [ERROR] No proxies found in file
[2026-02-24 18:27:40] [INFO] Getting proxy from file...
[2026-02-24 18:27:40] [ERROR] No proxies found in file
[2026-02-24 18:27:40] [INFO] Getting proxy from file...
[2026-02-24 18:27:40] [ERROR] No proxies found in file
[2026-02-24 18:27:40] [INFO] Getting proxy from file...
[2026-02-24 18:27:40] [ERROR] No proxies found in file
[2026-02-24 18:27:40] [INFO] Getting proxy from file...
[2026-02-24 18:27:40] [ERROR] No proxies found in file
[2026-02-24 18:27:41] [INFO] Getting proxy from file...
[2026-02-24 18:27:41] [ERROR] No proxies found in file
[2026-02-24 18:27:41] [INFO] Getting proxy from file...
[2026-02-24 18:27:41] [ERROR] No proxies found in file
[2026-02-24 18:27:41] [INFO] Getting proxy from file...
[2026-02-24 18:27:41] [ERROR] No proxies found in file
[2026-02-24 18:27:41] [INFO] Getting proxy from file...
[2026-02-24 18:27:41] [ERROR] No proxies found in file
[2026-02-24 18:27:41] [INFO] Getting proxy from file...
[2026-02-24 18:27:41] [ERROR] No proxies found in file
[2026-02-24 18:27:42] [INFO] Getting proxy from file...
[2026-02-24 18:27:42] [ERROR] No proxies found in file
[2026-02-24 18:27:42] [INFO] Getting proxy from file...
[2026-02-24 18:27:42] [ERROR] No proxies found in file
[2026-02-24 18:27:42] [INFO] Getting proxy from file...
[2026-02-24 18:27:42] [ERROR] No proxies found in file
[2026-02-24 18:27:42] [INFO] Getting proxy from file...
[2026-02-24 18:27:42] [ERROR] No proxies found in file
[2026-02-24 18:27:42] [INFO] Getting proxy from file...
[2026-02-24 18:27:42] [ERROR] No proxies found in file
[2026-02-24 18:27:42] [INFO] Getting proxy from file...
[2026-02-24 18:27:42] [ERROR] No proxies found in file
[2026-02-24 18:27:43] [INFO] Getting proxy from file...
[2026-02-24 18:27:43] [ERROR] No proxies found in file
[2026-02-24 18:27:43] [INFO] Getting proxy from file...
[2026-02-24 18:27:43] [ERROR] No proxies found in file
[2026-02-24 18:27:43] [INFO] Getting proxy from file...
[2026-02-24 18:27:43] [ERROR] No proxies found in file
[2026-02-24 18:27:43] [INFO] Getting proxy from file...
[2026-02-24 18:27:43] [ERROR] No proxies found in file
[2026-02-24 18:27:43] [INFO] Getting proxy from file...
[2026-02-24 18:27:43] [ERROR] No proxies found in file
[2026-02-24 18:27:43] [INFO] Getting proxy from file...
[2026-02-24 18:27:43] [ERROR] No proxies found in file
[2026-02-24 18:27:43] [INFO] Getting proxy from file...
[2026-02-24 18:27:43] [ERROR] No proxies found in file
[2026-02-24 18:27:43] [INFO] Getting proxy from file...
[2026-02-24 18:27:43] [ERROR] No proxies found in file
[2026-02-24 18:27:44] [INFO] Getting proxy from file...
[2026-02-24 18:27:44] [ERROR] No proxies found in file
[2026-02-24 18:27:44] [INFO] Getting proxy from file...
[2026-02-24 18:27:44] [ERROR] No proxies found in file
[2026-02-24 18:27:44] [INFO] Getting proxy from file...
[2026-02-24 18:27:44] [ERROR] No proxies found in file
[2026-02-24 18:27:44] [INFO] Getting proxy from file...
[2026-02-24 18:27:44] [ERROR] No proxies found in file
[2026-02-24 18:27:44] [INFO] Getting proxy from file...
[2026-02-24 18:27:44] [ERROR] No proxies found in file
[2026-02-24 18:27:44] [INFO] Getting proxy from file...
[2026-02-24 18:27:44] [ERROR] No proxies found in file
[2026-02-24 18:27:45] [INFO] Getting proxy from file...
[2026-02-24 18:27:45] [ERROR] No proxies found in file
[2026-02-24 18:27:45] [INFO] Getting proxy from file...
[2026-02-24 18:27:45] [ERROR] No proxies found in file
[2026-02-24 18:27:45] [INFO] Getting proxy from file...
[2026-02-24 18:27:45] [ERROR] No proxies found in file
[2026-02-24 18:27:45] [INFO] Getting proxy from file...
[2026-02-24 18:27:45] [ERROR] No proxies found in file
[2026-02-24 18:27:45] [INFO] Getting proxy from file...
[2026-02-24 18:27:45] [ERROR] No proxies found in file
[2026-02-24 18:27:46] [INFO] Getting proxy from file...
[2026-02-24 18:27:46] [ERROR] No proxies found in file
[2026-02-24 18:27:46] [INFO] Getting proxy from file...
[2026-02-24 18:27:46] [ERROR] No proxies found in file
[2026-02-24 18:27:46] [INFO] Getting proxy from file...
[2026-02-24 18:27:46] [ERROR] No proxies found in file
[2026-02-24 18:27:46] [INFO] Getting proxy from file...
[2026-02-24 18:27:46] [ERROR] No proxies found in file
[2026-02-24 18:27:46] [INFO] Getting proxy from file...
[2026-02-24 18:27:46] [ERROR] No proxies found in file
[2026-02-24 18:27:46] [INFO] Getting proxy from file...
[2026-02-24 18:27:46] [ERROR] No proxies found in file
[2026-02-24 18:27:46] [INFO] Getting proxy from file...
[2026-02-24 18:27:46] [ERROR] No proxies found in file
[2026-02-24 18:27:46] [INFO] Getting proxy from file...
[2026-02-24 18:27:46] [ERROR] No proxies found in file
[2026-02-24 18:27:47] [INFO] Getting proxy from file...
[2026-02-24 18:27:47] [ERROR] No proxies found in file
[2026-02-24 18:27:47] [INFO] Getting proxy from file...
[2026-02-24 18:27:47] [ERROR] No proxies found in file
[2026-02-24 18:27:47] [INFO] Getting proxy from file...
[2026-02-24 18:27:47] [ERROR] No proxies found in file
[2026-02-24 18:27:47] [INFO] Getting proxy from file...
[2026-02-24 18:27:47] [ERROR] No proxies found in file
[2026-02-24 18:27:47] [INFO] Getting proxy from file...
[2026-02-24 18:27:47] [ERROR] No proxies found in file
[2026-02-24 18:27:47] [INFO] Getting proxy from file...
[2026-02-24 18:27:47] [ERROR] No proxies found in file
[2026-02-24 18:27:48] [INFO] Getting proxy from file...
[2026-02-24 18:27:48] [ERROR] No proxies found in file
[2026-02-24 18:27:48] [INFO] Getting proxy from file...
[2026-02-24 18:27:48] [ERROR] No proxies found in file
[2026-02-24 18:27:48] [INFO] Getting proxy from file...
[2026-02-24 18:27:48] [ERROR] No proxies found in file
[2026-02-24 18:27:48] [INFO] Getting proxy from file...
[2026-02-24 18:27:48] [ERROR] No proxies found in file
[2026-02-24 18:27:48] [INFO] Getting proxy from file...
[2026-02-24 18:27:48] [ERROR] No proxies found in file
[2026-02-24 18:27:49] [INFO] Getting proxy from file...
[2026-02-24 18:27:49] [ERROR] No proxies found in file
[2026-02-24 18:27:49] [INFO] Getting proxy from file...
[2026-02-24 18:27:49] [ERROR] No proxies found in file
[2026-02-24 18:27:49] [INFO] Getting proxy from file...
[2026-02-24 18:27:49] [ERROR] No proxies found in file
[2026-02-24 18:27:49] [INFO] Getting proxy from file...
[2026-02-24 18:27:49] [ERROR] No proxies found in file
[2026-02-24 18:27:49] [INFO] Getting proxy from file...
[2026-02-24 18:27:49] [ERROR] No proxies found in file
[2026-02-24 18:27:49] [INFO] Getting proxy from file...
[2026-02-24 18:27:49] [ERROR] No proxies found in file
[2026-02-24 18:27:49] [INFO] Getting proxy from file...
[2026-02-24 18:27:49] [ERROR] No proxies found in file
[2026-02-24 18:27:49] [INFO] Getting proxy from file...
[2026-02-24 18:27:49] [ERROR] No proxies found in file
[2026-02-24 18:27:50] [INFO] Getting proxy from file...
[2026-02-24 18:27:50] [ERROR] No proxies found in file
[2026-02-24 18:27:50] [INFO] Getting proxy from file...
[2026-02-24 18:27:50] [ERROR] No proxies found in file
[2026-02-24 18:27:50] [INFO] Getting proxy from file...
[2026-02-24 18:27:50] [ERROR] No proxies found in file
[2026-02-24 18:27:50] [INFO] Getting proxy from file...
[2026-02-24 18:27:50] [ERROR] No proxies found in file
[2026-02-24 18:27:50] [INFO] Getting proxy from file...
[2026-02-24 18:27:50] [ERROR] No proxies found in file
[2026-02-24 18:27:50] [INFO] Getting proxy from file...
[2026-02-24 18:27:50] [ERROR] No proxies found in file
[2026-02-24 18:27:50] [INFO] Getting proxy from file...
[2026-02-24 18:27:50] [ERROR] No proxies found in file
[2026-02-24 18:27:51] [INFO] Getting proxy from file...
[2026-02-24 18:27:51] [ERROR] No proxies found in file
[2026-02-24 18:27:51] [INFO] Getting proxy from file...
[2026-02-24 18:27:51] [ERROR] No proxies found in file
[2026-02-24 18:27:51] [INFO] Getting proxy from file...
[2026-02-24 18:27:51] [ERROR] No proxies found in file
[2026-02-24 18:27:51] [INFO] Getting proxy from file...
[2026-02-24 18:27:51] [ERROR] No proxies found in file
[2026-02-24 18:27:51] [INFO] Getting proxy from file...
[2026-02-24 18:27:51] [ERROR] No proxies found in file
[2026-02-24 18:27:51] [INFO] Getting proxy from file...
[2026-02-24 18:27:52] [ERROR] No proxies found in file
[2026-02-24 18:27:52] [INFO] Getting proxy from file...
[2026-02-24 18:27:52] [ERROR] No proxies found in file
[2026-02-24 18:27:52] [INFO] Getting proxy from file...
[2026-02-24 18:27:52] [ERROR] No proxies found in file
[2026-02-24 18:27:52] [INFO] Getting proxy from file...
[2026-02-24 18:27:52] [ERROR] No proxies found in file
[2026-02-24 18:27:52] [INFO] Getting proxy from file...
[2026-02-24 18:27:52] [ERROR] No proxies found in file
[2026-02-24 18:27:52] [INFO] Getting proxy from file...
[2026-02-24 18:27:52] [ERROR] No proxies found in file
[2026-02-24 18:27:52] [INFO] Getting proxy from file...
[2026-02-24 18:27:52] [ERROR] No proxies found in file
[2026-02-24 18:27:53] [INFO] Getting proxy from file...
[2026-02-24 18:27:53] [ERROR] No proxies found in file
[2026-02-24 18:27:53] [INFO] Getting proxy from file...
[2026-02-24 18:27:53] [ERROR] No proxies found in file
[2026-02-24 18:27:53] [INFO] Getting proxy from file...
[2026-02-24 18:27:53] [ERROR] No proxies found in file
[2026-02-24 18:27:53] [INFO] Getting proxy from file...
[2026-02-24 18:27:53] [ERROR] No proxies found in file
[2026-02-24 18:27:53] [INFO] Getting proxy from file...
[2026-02-24 18:27:53] [ERROR] No proxies found in file
[2026-02-24 18:27:53] [INFO] Getting proxy from file...
[2026-02-24 18:27:53] [ERROR] No proxies found in file
[2026-02-24 18:27:54] [INFO] Getting proxy from file...
[2026-02-24 18:27:54] [ERROR] No proxies found in file
[2026-02-24 18:27:54] [INFO] Getting proxy from file...
[2026-02-24 18:27:54] [ERROR] No proxies found in file
[2026-02-24 18:27:54] [INFO] Getting proxy from file...
[2026-02-24 18:27:54] [ERROR] No proxies found in file
[2026-02-24 18:27:54] [INFO] Getting proxy from file...
[2026-02-24 18:27:54] [ERROR] No proxies found in file
[2026-02-24 18:27:54] [INFO] Getting proxy from file...
[2026-02-24 18:27:54] [ERROR] No proxies found in file
[2026-02-24 18:27:54] [INFO] Getting proxy from file...
[2026-02-24 18:27:54] [ERROR] No proxies found in file
[2026-02-24 18:27:54] [INFO] Getting proxy from file...
[2026-02-24 18:27:54] [ERROR] No proxies found in file
[2026-02-24 18:27:55] [INFO] Getting proxy from file...
[2026-02-24 18:27:55] [ERROR] No proxies found in file
[2026-02-24 18:27:55] [INFO] Getting proxy from file...
[2026-02-24 18:27:55] [ERROR] No proxies found in file
[2026-02-24 18:27:55] [INFO] Getting proxy from file...
[2026-02-24 18:27:55] [ERROR] No proxies found in file
[2026-02-24 18:27:55] [INFO] Getting proxy from file...
[2026-02-24 18:27:55] [ERROR] No proxies found in file
[2026-02-24 18:27:55] [INFO] Getting proxy from file...
[2026-02-24 18:27:55] [ERROR] No proxies found in file
[2026-02-24 18:27:55] [INFO] Getting proxy from file...
[2026-02-24 18:27:55] [ERROR] No proxies found in file
[2026-02-24 18:27:56] [INFO] Getting proxy from file...
[2026-02-24 18:27:56] [ERROR] No proxies found in file
[2026-02-24 18:27:56] [INFO] Getting proxy from file...
[2026-02-24 18:27:56] [ERROR] No proxies found in file
[2026-02-24 18:27:56] [INFO] Getting proxy from file...
[2026-02-24 18:27:56] [ERROR] No proxies found in file
[2026-02-24 18:27:56] [INFO] Getting proxy from file...
[2026-02-24 18:27:56] [ERROR] No proxies found in file
[2026-02-24 18:27:56] [INFO] Getting proxy from file...
[2026-02-24 18:27:56] [ERROR] No proxies found in file
[2026-02-24 18:27:56] [INFO] Getting proxy from file...
[2026-02-24 18:27:56] [ERROR] No proxies found in file
[2026-02-24 18:27:57] [INFO] Getting proxy from file...
[2026-02-24 18:27:57] [ERROR] No proxies found in file
[2026-02-24 18:27:57] [INFO] Getting proxy from file...
[2026-02-24 18:27:57] [ERROR] No proxies found in file
[2026-02-24 18:27:57] [INFO] Getting proxy from file...
[2026-02-24 18:27:57] [ERROR] No proxies found in file
[2026-02-24 18:27:57] [INFO] Getting proxy from file...
[2026-02-24 18:27:57] [ERROR] No proxies found in file
[2026-02-24 18:27:57] [INFO] Getting proxy from file...
[2026-02-24 18:27:57] [ERROR] No proxies found in file
[2026-02-24 18:27:58] [INFO] Getting proxy from file...
[2026-02-24 18:27:58] [ERROR] No proxies found in file
[2026-02-24 18:27:58] [INFO] Getting proxy from file...
[2026-02-24 18:27:58] [ERROR] No proxies found in file
[2026-02-24 18:27:58] [INFO] Getting proxy from file...
[2026-02-24 18:27:58] [ERROR] No proxies found in file
[2026-02-24 18:27:58] [INFO] Getting proxy from file...
[2026-02-24 18:27:58] [ERROR] No proxies found in file
[2026-02-24 18:27:58] [INFO] Getting proxy from file...
[2026-02-24 18:27:58] [INFO] Getting proxy from file...
[2026-02-24 18:27:58] [ERROR] No proxies found in file
[2026-02-24 18:27:58] [ERROR] No proxies found in file
[2026-02-24 18:27:59] [INFO] Getting proxy from file...
[2026-02-24 18:27:59] [ERROR] No proxies found in file
[2026-02-24 18:27:59] [INFO] Getting proxy from file...
[2026-02-24 18:27:59] [ERROR] No proxies found in file
[2026-02-24 18:27:59] [INFO] Getting proxy from file...
[2026-02-24 18:27:59] [ERROR] No proxies found in file
[2026-02-24 18:27:59] [INFO] Getting proxy from file...
[2026-02-24 18:27:59] [ERROR] No proxies found in file
[2026-02-24 18:27:59] [INFO] Getting proxy from file...
[2026-02-24 18:27:59] [ERROR] No proxies found in file
[2026-02-24 18:27:59] [INFO] Getting proxy from file...
[2026-02-24 18:27:59] [ERROR] No proxies found in file
[2026-02-24 18:27:59] [INFO] Getting proxy from file...
[2026-02-24 18:27:59] [ERROR] No proxies found in file
[2026-02-24 18:28:00] [INFO] Getting proxy from file...
[2026-02-24 18:28:00] [ERROR] No proxies found in file
[2026-02-24 18:28:00] [INFO] Getting proxy from file...
[2026-02-24 18:28:00] [ERROR] No proxies found in file
[2026-02-24 18:28:00] [INFO] Getting proxy from file...
[2026-02-24 18:28:00] [ERROR] No proxies found in file
[2026-02-24 18:28:00] [INFO] Getting proxy from file...
[2026-02-24 18:28:00] [ERROR] No proxies found in file
[2026-02-24 18:28:00] [INFO] Getting proxy from file...
[2026-02-24 18:28:00] [ERROR] No proxies found in file
[2026-02-24 18:28:01] [INFO] Getting proxy from file...
[2026-02-24 18:28:01] [INFO] Getting proxy from file...
[2026-02-24 18:28:01] [ERROR] No proxies found in file
[2026-02-24 18:28:01] [ERROR] No proxies found in file
[2026-02-24 18:28:01] [INFO] Getting proxy from file...
[2026-02-24 18:28:01] [ERROR] No proxies found in file
[2026-02-24 18:28:01] [INFO] Getting proxy from file...
[2026-02-24 18:28:01] [ERROR] No proxies found in file
[2026-02-24 18:28:01] [INFO] Getting proxy from file...
[2026-02-24 18:28:01] [ERROR] No proxies found in file
[2026-02-24 18:28:02] [INFO] Getting proxy from file...
[2026-02-24 18:28:02] [ERROR] No proxies found in file
[2026-02-24 18:28:02] [INFO] Getting proxy from file...
[2026-02-24 18:28:02] [ERROR] No proxies found in file
[2026-02-24 18:28:02] [INFO] Getting proxy from file...
[2026-02-24 18:28:02] [ERROR] No proxies found in file
[2026-02-24 18:28:02] [INFO] Getting proxy from file...
[2026-02-24 18:28:02] [ERROR] No proxies found in file
[2026-02-24 18:28:02] [INFO] Getting proxy from file...
[2026-02-24 18:28:02] [ERROR] No proxies found in file
[2026-02-24 18:28:02] [INFO] Getting proxy from file...
[2026-02-24 18:28:02] [ERROR] No proxies found in file
[2026-02-24 18:28:02] [INFO] Getting proxy from file...
[2026-02-24 18:28:02] [ERROR] No proxies found in file
[2026-02-24 18:28:03] [INFO] Getting proxy from file...
[2026-02-24 18:28:03] [ERROR] No proxies found in file
[2026-02-24 18:28:03] [INFO] Getting proxy from file...
[2026-02-24 18:28:03] [ERROR] No proxies found in file
[2026-02-24 18:28:03] [INFO] Getting proxy from file...
[2026-02-24 18:28:03] [ERROR] No proxies found in file
[2026-02-24 18:28:03] [INFO] Getting proxy from file...
[2026-02-24 18:28:03] [ERROR] No proxies found in file
[2026-02-24 18:28:03] [INFO] Getting proxy from file...
[2026-02-24 18:28:03] [ERROR] No proxies found in file
[2026-02-24 18:28:03] [INFO] Getting proxy from file...
[2026-02-24 18:28:03] [ERROR] No proxies found in file
[2026-02-24 18:28:04] [INFO] Getting proxy from file...
[2026-02-24 18:28:04] [ERROR] No proxies found in file
[2026-02-24 18:28:04] [INFO] Getting proxy from file...
[2026-02-24 18:28:04] [ERROR] No proxies found in file
[2026-02-24 18:28:04] [INFO] Getting proxy from file...
[2026-02-24 18:28:04] [ERROR] No proxies found in file
[2026-02-24 18:28:04] [INFO] Getting proxy from file...
[2026-02-24 18:28:04] [ERROR] No proxies found in file
[2026-02-24 18:28:04] [INFO] Getting proxy from file...
[2026-02-24 18:28:04] [ERROR] No proxies found in file
[2026-02-24 18:28:04] [INFO] Getting proxy from file...
[2026-02-24 18:28:04] [ERROR] No proxies found in file
[2026-02-24 18:28:04] [INFO] Getting proxy from file...
[2026-02-24 18:28:04] [ERROR] No proxies found in file
[2026-02-24 18:28:05] [INFO] Getting proxy from file...
[2026-02-24 18:28:05] [ERROR] No proxies found in file
[2026-02-24 18:28:05] [INFO] Getting proxy from file...
[2026-02-24 18:28:05] [ERROR] No proxies found in file
[2026-02-24 18:28:05] [INFO] Getting proxy from file...
[2026-02-24 18:28:05] [ERROR] No proxies found in file
[2026-02-24 18:28:05] [INFO] Getting proxy from file...
[2026-02-24 18:28:05] [ERROR] No proxies found in file
[2026-02-24 18:28:05] [INFO] Getting proxy from file...
[2026-02-24 18:28:05] [ERROR] No proxies found in file
[2026-02-24 18:28:06] [INFO] Getting proxy from file...
[2026-02-24 18:28:06] [ERROR] No proxies found in file
[2026-02-24 18:28:06] [INFO] Getting proxy from file...
[2026-02-24 18:28:06] [ERROR] No proxies found in file
[2026-02-24 18:28:06] [INFO] Getting proxy from file...
[2026-02-24 18:28:06] [ERROR] No proxies found in file
[2026-02-24 18:28:06] [INFO] Getting proxy from file...
[2026-02-24 18:28:06] [ERROR] No proxies found in file
[2026-02-24 18:28:06] [INFO] Getting proxy from file...
[2026-02-24 18:28:06] [ERROR] No proxies found in file
[2026-02-24 18:28:06] [INFO] Getting proxy from file...
[2026-02-24 18:28:06] [ERROR] No proxies found in file
[2026-02-24 18:28:06] [INFO] Getting proxy from file...
[2026-02-24 18:28:06] [ERROR] No proxies found in file
[2026-02-24 18:28:08] [INFO] Getting proxy from file...
[2026-02-24 18:28:08] [ERROR] No proxies found in file
[2026-02-24 18:28:08] [INFO] Getting proxy from file...
[2026-02-24 18:28:08] [ERROR] No proxies found in file
[2026-02-24 18:28:09] [INFO] Getting proxy from file...
[2026-02-24 18:28:09] [ERROR] No proxies found in file
[2026-02-24 18:28:09] [INFO] Getting proxy from file...
[2026-02-24 18:28:09] [ERROR] No proxies found in file
[2026-02-24 18:28:09] [INFO] Getting proxy from file...
[2026-02-24 18:28:09] [ERROR] No proxies found in file
[2026-02-24 18:28:09] [INFO] Getting proxy from file...
[2026-02-24 18:28:09] [ERROR] No proxies found in file
[2026-02-24 18:28:09] [INFO] Getting proxy from file...
[2026-02-24 18:28:09] [ERROR] No proxies found in file
[2026-02-24 18:28:09] [INFO] Getting proxy from file...
[2026-02-24 18:28:09] [ERROR] No proxies found in file
[2026-02-24 18:28:09] [INFO] Getting proxy from file...
[2026-02-24 18:28:09] [ERROR] No proxies found in file
[2026-02-24 18:28:10] [INFO] Getting proxy from file...
[2026-02-24 18:28:10] [ERROR] No proxies found in file
[2026-02-24 18:28:10] [INFO] Getting proxy from file...
[2026-02-24 18:28:10] [ERROR] No proxies found in file
[2026-02-24 18:28:10] [INFO] Getting proxy from file...
[2026-02-24 18:28:10] [ERROR] No proxies found in file
[2026-02-24 18:28:10] [INFO] Getting proxy from file...
[2026-02-24 18:28:10] [ERROR] No proxies found in file
[2026-02-24 18:28:10] [INFO] Getting proxy from file...
[2026-02-24 18:28:10] [ERROR] No proxies found in file
[2026-02-24 18:28:11] [INFO] Getting proxy from file...
[2026-02-24 18:28:11] [ERROR] No proxies found in file
[2026-02-24 18:31:24] [INFO] ==================================================
[2026-02-24 18:31:24] [INFO] ===== Microsoft Outlook Automatic Account Creation Tool =====
[2026-02-24 18:31:24] [INFO] ==================================================
[2026-02-24 18:31:24] [INFO] Note: Please ensure KoCaptcha API token and valid proxy API are properly configured
[2026-02-24 18:31:24] [INFO] Testing proxy API connection...
[2026-02-24 18:31:24] [INFO] Getting proxy from file...
[2026-02-24 18:31:24] [INFO] Proxy API connection successful! Got proxy: babuXh1u5:CY9IwOUQcoXS4Tp@156.239.197.114:1338
[2026-02-24 18:31:34] [INFO] Selected domain: outlook.in
[2026-02-24 18:31:36] [INFO] [bold blue]Initializing Outlook class...[/bold blue]
[2026-02-24 18:31:36] [INFO] [bold green]Supported Outlook domains:[/bold green]
[2026-02-24 18:31:36] [INFO] [cyan] 1. outlook.jp           (Region: JA-JP)[/cyan]
[2026-02-24 18:31:36] [INFO] [cyan] 2. outlook.kr           (Region: KO-KR)[/cyan]
[2026-02-24 18:31:36] [INFO] [cyan] 3. outlook.sa           (Region: AR-AR)[/cyan]
[2026-02-24 18:31:36] [INFO] [cyan] 4. outlook.com.ar       (Region: AU-AR)[/cyan]
[2026-02-24 18:31:36] [INFO] [cyan] 5. outlook.com.au       (Region: AU-AU)[/cyan]
[2026-02-24 18:31:36] [INFO] [cyan] 6. outlook.at           (Region: AT-AT)[/cyan]
[2026-02-24 18:31:36] [INFO] [cyan] 7. outlook.be           (Region: BA-BE)[/cyan]
[2026-02-24 18:31:36] [INFO] [cyan] 8. outlook.com.br       (Region: Br-Br)[/cyan]
[2026-02-24 18:31:36] [INFO] [cyan] 9. outlook.cl           (Region: cl-cl)[/cyan]
[2026-02-24 18:31:36] [INFO] [cyan]10. outlook.cz           (Region: cz-cz)[/cyan]
[2026-02-24 18:31:36] [INFO] [cyan]11. outlook.fr           (Region: fr-fr)[/cyan]
[2026-02-24 18:31:36] [INFO] [cyan]12. outlook.de           (Region: de-de)[/cyan]
[2026-02-24 18:31:36] [INFO] [cyan]13. outlook.com.gr       (Region: gr-gr)[/cyan]
[2026-02-24 18:31:36] [INFO] [cyan]14. outlook.co.il        (Region: il-il)[/cyan]
[2026-02-24 18:31:36] [INFO] [cyan]15. outlook.in           (Region: in-in)[/cyan]
[2026-02-24 18:31:36] [INFO] [cyan]16. outlook.co.id        (Region: iD-iD)[/cyan]
[2026-02-24 18:31:36] [INFO] [cyan]17. outlook.ie           (Region: ie-ie)[/cyan]
[2026-02-24 18:31:36] [INFO] [cyan]18. outlook.it           (Region: it-it)[/cyan]
[2026-02-24 18:31:36] [INFO] [cyan]19. outlook.hu           (Region: hu-hu)[/cyan]
[2026-02-24 18:31:36] [INFO] [cyan]20. outlook.lv           (Region: lv-lv)[/cyan]
[2026-02-24 18:31:36] [INFO] [cyan]21. outlook.my           (Region: my-my)[/cyan]
[2026-02-24 18:31:36] [INFO] [cyan]22. outlook.co.nz        (Region: nz-nz)[/cyan]
[2026-02-24 18:31:36] [INFO] [cyan]23. outlook.ph           (Region: ph-ph)[/cyan]
[2026-02-24 18:31:36] [INFO] [cyan]24. outlook.pt           (Region: pt-pt)[/cyan]
[2026-02-24 18:31:36] [INFO] [cyan]25. outlook.sg           (Region: sg-sg)[/cyan]
[2026-02-24 18:31:36] [INFO] [cyan]26. outlook.sk           (Region: sk-sk)[/cyan]
[2026-02-24 18:31:36] [INFO] [cyan]27. outlook.es           (Region: es-es)[/cyan]
[2026-02-24 18:31:36] [INFO] [cyan]28. outlook.co.th        (Region: th-th)[/cyan]
[2026-02-24 18:31:36] [INFO] [cyan]29. outlook.com.tr       (Region: tr-tr)[/cyan]
[2026-02-24 18:31:36] [INFO] [cyan]30. outlook.com.vn       (Region: vn-vn)[/cyan]
[2026-02-24 18:31:36] [INFO] [cyan]31. outlook.dk           (Region: da-dk)[/cyan]
[2026-02-24 18:31:36] [INFO] [cyan]32. outlook.com          (Region: en-US)[/cyan]
[2026-02-24 18:31:36] [INFO] [cyan]33. hotmail.com          (Region: en-US)[/cyan]
[2026-02-24 18:31:37] [INFO] Getting proxy from file...
[2026-02-24 18:31:47] [INFO] Getting proxy from file...
[2026-02-24 18:31:56] [INFO] Getting proxy from file...
[2026-02-24 18:32:07] [INFO] Getting proxy from file...
[2026-02-24 18:32:17] [INFO] Getting proxy from file...
[2026-02-24 18:32:27] [INFO] Getting proxy from file...
[2026-02-24 18:32:38] [INFO] Getting proxy from file...
[2026-02-24 18:32:49] [INFO] Getting proxy from file...
[2026-02-24 18:37:29] [INFO] ==================================================
[2026-02-24 18:37:29] [INFO] ===== Microsoft Outlook Automatic Account Creation Tool =====
[2026-02-24 18:37:29] [INFO] ==================================================
[2026-02-24 18:37:29] [INFO] Note: Please ensure KoCaptcha API token and valid proxy API are properly configured
[2026-02-24 18:37:29] [INFO] Testing proxy API connection...
[2026-02-24 18:37:29] [INFO] Getting proxy from file...
[2026-02-24 18:37:29] [INFO] Proxy API connection successful! Got proxy: babuXh1u5:CY9IwOUQcoXS4Tp@156.239.207.24:1338
[2026-02-24 18:37:30] [INFO] Selected domain: outlook.jp
[2026-02-24 18:37:33] [INFO] [bold blue]Initializing Outlook class...[/bold blue]
[2026-02-24 18:37:33] [INFO] [bold green]Supported Outlook domains:[/bold green]
[2026-02-24 18:37:33] [INFO] [cyan] 1. outlook.jp           (Region: JA-JP)[/cyan]
[2026-02-24 18:37:33] [INFO] [cyan] 2. outlook.kr           (Region: KO-KR)[/cyan]
[2026-02-24 18:37:33] [INFO] [cyan] 3. outlook.sa           (Region: AR-AR)[/cyan]
[2026-02-24 18:37:33] [INFO] [cyan] 4. outlook.com.ar       (Region: AU-AR)[/cyan]
[2026-02-24 18:37:33] [INFO] [cyan] 5. outlook.com.au       (Region: AU-AU)[/cyan]
[2026-02-24 18:37:33] [INFO] [cyan] 6. outlook.at           (Region: AT-AT)[/cyan]
[2026-02-24 18:37:33] [INFO] [cyan] 7. outlook.be           (Region: BA-BE)[/cyan]
[2026-02-24 18:37:33] [INFO] [cyan] 8. outlook.com.br       (Region: Br-Br)[/cyan]
[2026-02-24 18:37:33] [INFO] [cyan] 9. outlook.cl           (Region: cl-cl)[/cyan]
[2026-02-24 18:37:33] [INFO] [cyan]10. outlook.cz           (Region: cz-cz)[/cyan]
[2026-02-24 18:37:33] [INFO] [cyan]11. outlook.fr           (Region: fr-fr)[/cyan]
[2026-02-24 18:37:33] [INFO] [cyan]12. outlook.de           (Region: de-de)[/cyan]
[2026-02-24 18:37:33] [INFO] [cyan]13. outlook.com.gr       (Region: gr-gr)[/cyan]
[2026-02-24 18:37:33] [INFO] [cyan]14. outlook.co.il        (Region: il-il)[/cyan]
[2026-02-24 18:37:33] [INFO] [cyan]15. outlook.in           (Region: in-in)[/cyan]
[2026-02-24 18:37:33] [INFO] [cyan]16. outlook.co.id        (Region: iD-iD)[/cyan]
[2026-02-24 18:37:33] [INFO] [cyan]17. outlook.ie           (Region: ie-ie)[/cyan]
[2026-02-24 18:37:33] [INFO] [cyan]18. outlook.it           (Region: it-it)[/cyan]
[2026-02-24 18:37:33] [INFO] [cyan]19. outlook.hu           (Region: hu-hu)[/cyan]
[2026-02-24 18:37:33] [INFO] [cyan]20. outlook.lv           (Region: lv-lv)[/cyan]
[2026-02-24 18:37:33] [INFO] [cyan]21. outlook.my           (Region: my-my)[/cyan]
[2026-02-24 18:37:33] [INFO] [cyan]22. outlook.co.nz        (Region: nz-nz)[/cyan]
[2026-02-24 18:37:33] [INFO] [cyan]23. outlook.ph           (Region: ph-ph)[/cyan]
[2026-02-24 18:37:33] [INFO] [cyan]24. outlook.pt           (Region: pt-pt)[/cyan]
[2026-02-24 18:37:33] [INFO] [cyan]25. outlook.sg           (Region: sg-sg)[/cyan]
[2026-02-24 18:37:33] [INFO] [cyan]26. outlook.sk           (Region: sk-sk)[/cyan]
[2026-02-24 18:37:33] [INFO] [cyan]27. outlook.es           (Region: es-es)[/cyan]
[2026-02-24 18:37:33] [INFO] [cyan]28. outlook.co.th        (Region: th-th)[/cyan]
[2026-02-24 18:37:33] [INFO] [cyan]29. outlook.com.tr       (Region: tr-tr)[/cyan]
[2026-02-24 18:37:33] [INFO] [cyan]30. outlook.com.vn       (Region: vn-vn)[/cyan]
[2026-02-24 18:37:33] [INFO] [cyan]31. outlook.dk           (Region: da-dk)[/cyan]
[2026-02-24 18:37:33] [INFO] [cyan]32. outlook.com          (Region: en-US)[/cyan]
[2026-02-24 18:37:33] [INFO] [cyan]33. hotmail.com          (Region: en-US)[/cyan]
[2026-02-24 18:37:33] [INFO] Getting proxy from file...
[2026-02-24 18:37:45] [INFO] Getting proxy from file...
[2026-02-24 18:37:54] [INFO] Getting proxy from file...
